Using pre-set license
Built from '2021.3/staging' branch; Version is '2021.3.4f1 (cb45f9cae8b7) revision 13321721'; Using compiler version '192829333'; Build Type 'Release'
OS: 'Windows 10  (10.0.19043) 64bit Core' Language: 'de' Physical Memory: 8108 MB
BatchMode: 1, IsHumanControllingUs: 0, StartBugReporterOnCrash: 0, Is64bit: 1, IsPro: 1

COMMAND LINE ARGUMENTS:
C:\Program Files\Unity\Hub\Editor\2021.3.4f1\Editor\Unity.exe
-adb2
-batchMode
-noUpm
-name
AssetImportWorker0
-projectPath
C:/Users/iscia/Documents/GitHub/finding_home-unity_final
-logFile
Logs/AssetImportWorker0.log
-srvPort
51890
Successfully changed project path to: C:/Users/iscia/Documents/GitHub/finding_home-unity_final
C:/Users/iscia/Documents/GitHub/finding_home-unity_final
[UnityMemory] Configuration Parameters - Can be set up in boot.config
    "memorysetup-bucket-allocator-granularity=16"
    "memorysetup-bucket-allocator-bucket-count=8"
    "memorysetup-bucket-allocator-block-size=33554432"
    "memorysetup-bucket-allocator-block-count=8"
    "memorysetup-main-allocator-block-size=16777216"
    "memorysetup-thread-allocator-block-size=16777216"
    "memorysetup-gfx-main-allocator-block-size=16777216"
    "memorysetup-gfx-thread-allocator-block-size=16777216"
    "memorysetup-cache-allocator-block-size=4194304"
    "memorysetup-typetree-allocator-block-size=2097152"
    "memorysetup-profiler-bucket-allocator-granularity=16"
    "memorysetup-profiler-bucket-allocator-bucket-count=8"
    "memorysetup-profiler-bucket-allocator-block-size=33554432"
    "memorysetup-profiler-bucket-allocator-block-count=8"
    "memorysetup-profiler-allocator-block-size=16777216"
    "memorysetup-profiler-editor-allocator-block-size=1048576"
    "memorysetup-temp-allocator-size-main=16777216"
    "memorysetup-job-temp-allocator-block-size=2097152"
    "memorysetup-job-temp-allocator-block-size-background=1048576"
    "memorysetup-job-temp-allocator-reduction-small-platforms=262144"
    "memorysetup-temp-allocator-size-background-worker=32768"
    "memorysetup-temp-allocator-size-job-worker=262144"
    "memorysetup-temp-allocator-size-preload-manager=33554432"
    "memorysetup-temp-allocator-size-nav-mesh-worker=65536"
    "memorysetup-temp-allocator-size-audio-worker=65536"
    "memorysetup-temp-allocator-size-cloud-worker=32768"
    "memorysetup-temp-allocator-size-gi-baking-worker=262144"
    "memorysetup-temp-allocator-size-gfx=262144"
Refreshing native plugins compatible for Editor in 311.27 ms, found 3 plugins.
Preloading 0 native plugins for Editor in 0.00 ms.
Initialize engine version: 2021.3.4f1 (cb45f9cae8b7)
[Subsystems] Discovering subsystems at path C:/Program Files/Unity/Hub/Editor/2021.3.4f1/Editor/Data/Resources/UnitySubsystems
[Subsystems] Discovering subsystems at path C:/Users/iscia/Documents/GitHub/finding_home-unity_final/Assets
GfxDevice: creating device client; threaded=0; jobified=0
Direct3D:
    Version:  Direct3D 11.0 [level 11.1]
    Renderer: Intel(R) HD Graphics 520 (ID=0x1916)
    Vendor:   Intel
    VRAM:     4054 MB
    Driver:   26.20.100.7925
Initialize mono
Mono path[0] = 'C:/Program Files/Unity/Hub/Editor/2021.3.4f1/Editor/Data/Managed'
Mono path[1] = 'C:/Program Files/Unity/Hub/Editor/2021.3.4f1/Editor/Data/MonoBleedingEdge/lib/mono/unityjit-win32'
Mono config path = 'C:/Program Files/Unity/Hub/Editor/2021.3.4f1/Editor/Data/MonoBleedingEdge/etc'
Using monoOptions --debugger-agent=transport=dt_socket,embedding=1,server=y,suspend=n,address=127.0.0.1:56876
Begin MonoManager ReloadAssembly
Registering precompiled unity dll's ...
Register platform support module: C:/Program Files/Unity/Hub/Editor/2021.3.4f1/Editor/Data/PlaybackEngines/WindowsStandaloneSupport/UnityEditor.WindowsStandalone.Extensions.dll
Registered in 0.029330 seconds.
Native extension for WindowsStandalone target not found
Refreshing native plugins compatible for Editor in 278.41 ms, found 3 plugins.
Preloading 0 native plugins for Editor in 0.00 ms.
Mono: successfully reloaded assembly
- Completed reload, in  2.513 seconds
Domain Reload Profiling:
	ReloadAssembly (2515ms)
		BeginReloadAssembly (296ms)
			ExecutionOrderSort (0ms)
			DisableScriptedObjects (0ms)
			BackupInstance (0ms)
			ReleaseScriptingObjects (0ms)
			CreateAndSetChildDomain (2ms)
		EndReloadAssembly (1603ms)
			LoadAssemblies (287ms)
			RebuildTransferFunctionScriptingTraits (0ms)
			SetupTypeCache (319ms)
			ReleaseScriptCaches (0ms)
			RebuildScriptCaches (115ms)
			SetupLoadedEditorAssemblies (989ms)
				LogAssemblyErrors (0ms)
				InitializePlatformSupportModulesInManaged (28ms)
				SetLoadedEditorAssemblies (0ms)
				RefreshPlugins (279ms)
				BeforeProcessingInitializeOnLoad (4ms)
				ProcessInitializeOnLoadAttributes (495ms)
				ProcessInitializeOnLoadMethodAttributes (183ms)
				AfterProcessingInitializeOnLoad (0ms)
				EditorAssembliesLoaded (0ms)
			ExecutionOrderSort2 (0ms)
			AwakeInstancesAfterBackupRestoration (0ms)
Platform modules already initialized, skipping
Registering precompiled user dll's ...
Registered in 0.027310 seconds.
Begin MonoManager ReloadAssembly
Symbol file LoadedFromMemory doesn't match image C:\Users\iscia\Documents\GitHub\finding_home-unity_final\Library\PackageCache\com.unity.visualscripting@1.7.8\Editor\VisualScripting.Core\Dependencies\YamlDotNet\Unity.VisualScripting.YamlDotNet.dll
Symbol file LoadedFromMemory doesn't match image C:\Users\iscia\Documents\GitHub\finding_home-unity_final\Library\PackageCache\com.unity.visualscripting@1.7.8\Editor\VisualScripting.Core\Dependencies\DotNetZip\Unity.VisualScripting.IonicZip.dll
Native extension for WindowsStandalone target not found
Refreshing native plugins compatible for Editor in 1.14 ms, found 3 plugins.
Preloading 0 native plugins for Editor in 0.00 ms.
Mono: successfully reloaded assembly
- Completed reload, in  2.825 seconds
Domain Reload Profiling:
	ReloadAssembly (2826ms)
		BeginReloadAssembly (262ms)
			ExecutionOrderSort (0ms)
			DisableScriptedObjects (11ms)
			BackupInstance (0ms)
			ReleaseScriptingObjects (0ms)
			CreateAndSetChildDomain (37ms)
		EndReloadAssembly (2262ms)
			LoadAssemblies (310ms)
			RebuildTransferFunctionScriptingTraits (0ms)
			SetupTypeCache (658ms)
			ReleaseScriptCaches (1ms)
			RebuildScriptCaches (123ms)
			SetupLoadedEditorAssemblies (1090ms)
				LogAssemblyErrors (0ms)
				InitializePlatformSupportModulesInManaged (16ms)
				SetLoadedEditorAssemblies (1ms)
				RefreshPlugins (1ms)
				BeforeProcessingInitializeOnLoad (244ms)
				ProcessInitializeOnLoadAttributes (695ms)
				ProcessInitializeOnLoadMethodAttributes (103ms)
				AfterProcessingInitializeOnLoad (29ms)
				EditorAssembliesLoaded (0ms)
			ExecutionOrderSort2 (0ms)
			AwakeInstancesAfterBackupRestoration (22ms)
Platform modules already initialized, skipping
========================================================================
Worker process is ready to serve import requests
Launched and connected shader compiler UnityShaderCompiler.exe after 0.21 seconds
Refreshing native plugins compatible for Editor in 1.10 ms, found 3 plugins.
Preloading 0 native plugins for Editor in 0.00 ms.
Unloading 3386 Unused Serialized files (Serialized files now loaded: 0)
Unloading 27 unused Assets / (112.1 KB). Loaded Objects now: 3876.
Memory consumption went from 142.0 MB to 141.9 MB.
Total: 8.818200 ms (FindLiveObjects: 0.479100 ms CreateObjectMapping: 0.412000 ms MarkObjects: 7.661600 ms  DeleteObjects: 0.263100 ms)

AssetImportParameters requested are different than current active one (requested -> active):
  custom:video-decoder-ogg-theora: a1e56fd34408186e4bbccfd4996cb3dc -> 
  custom:container-muxer-webm: aa71ff27fc2769a1b78a27578f13a17b -> 
  custom:container-demuxer-webm: 4f35f7cbe854078d1ac9338744f61a02 -> 
  custom:video-encoder-webm-vp8: eb34c28f22e8b96e1ab97ce403110664 -> 
  custom:audio-encoder-webm-vorbis: bf7c407c2cedff20999df2af8eb42d56 -> 
  custom:framework-win-MediaFoundation: 216162199b28c13a410421893ffa2e32 -> 
  custom:container-demuxer-ogg: 62fdf1f143b41e24485cea50d1cbac27 -> 
  custom:video-decoder-webm-vp8: 9c59270c3fd7afecdb556c50c9e8de78 -> 
  custom:audio-decoder-ogg-vorbis: bf7c407c2cedff20999df2af8eb42d56 -> 
========================================================================
Received Import Request.
  Time since last request: 494275.013855 seconds.
  path: Assets/CS - Signs Free/Prefabs
  artifactKey: Guid(ef5dbe8cc9a591c4eaa0723512c481d7) Importer(815301076,1909f56bfc062723c751e8b465ee728b)
Start importing Assets/CS - Signs Free/Prefabs using Guid(ef5dbe8cc9a591c4eaa0723512c481d7) Importer(815301076,1909f56bfc062723c751e8b465ee728b)  -> (artifact id: '02e0ae02dba3bb5e0eed25a9c579110a') in 0.026137 seconds 
========================================================================
Received Import Request.
  Time since last request: 0.000050 seconds.
  path: Assets/CS - Signs Free/Prefabs/Freeway/Sign_Speed_40.prefab
  artifactKey: Guid(dd0511e3c7db64f4583a3cdb92f6f011) Importer(815301076,1909f56bfc062723c751e8b465ee728b)
Start importing Assets/CS - Signs Free/Prefabs/Freeway/Sign_Speed_40.prefab using Guid(dd0511e3c7db64f4583a3cdb92f6f011) Importer(815301076,1909f56bfc062723c751e8b465ee728b)  -> (artifact id: '85d14d5cde0373f51443d55110dc61ed') in 2.195808 seconds 
========================================================================
Received Import Request.
  Time since last request: 0.000038 seconds.
  path: Assets/CS - Signs Free/Prefabs/Freeway
  artifactKey: Guid(ee88ebe194f1822428234e04ed1c5ad4) Importer(815301076,1909f56bfc062723c751e8b465ee728b)
Start importing Assets/CS - Signs Free/Prefabs/Freeway using Guid(ee88ebe194f1822428234e04ed1c5ad4) Importer(815301076,1909f56bfc062723c751e8b465ee728b)  -> (artifact id: '48d55dc53cbf0d061b5ccd8b1feee182') in 0.012841 seconds 
========================================================================
Received Import Request.
  Time since last request: 0.000063 seconds.
  path: Assets/CS - Signs Free/Prefabs/Freeway/Sign_Exit.prefab
  artifactKey: Guid(f5151f948e7bea547abe38843d5b5b3e) Importer(815301076,1909f56bfc062723c751e8b465ee728b)
Start importing Assets/CS - Signs Free/Prefabs/Freeway/Sign_Exit.prefab using Guid(f5151f948e7bea547abe38843d5b5b3e) Importer(815301076,1909f56bfc062723c751e8b465ee728b)  -> (artifact id: 'bdfdd44cf638ffd6ee7b6bbd2795676d') in 0.364293 seconds 
========================================================================
Received Import Request.
  Time since last request: 0.000050 seconds.
  path: Assets/CS - Signs Free/Prefabs/Freeway/SignPost_2.prefab
  artifactKey: Guid(09a6c11c3415a384a965e814ec8c7c5d) Importer(815301076,1909f56bfc062723c751e8b465ee728b)
Start importing Assets/CS - Signs Free/Prefabs/Freeway/SignPost_2.prefab using Guid(09a6c11c3415a384a965e814ec8c7c5d) Importer(815301076,1909f56bfc062723c751e8b465ee728b)  -> (artifact id: '11257ae65e0df659a9bc5e9d901805e1') in 0.071612 seconds 
========================================================================
Received Import Request.
  Time since last request: 0.000046 seconds.
  path: Assets/CS - Signs Free/Prefabs/Freeway/SignPost_1.prefab
  artifactKey: Guid(377d4109a5df9dc4bbee7393d5599aaa) Importer(815301076,1909f56bfc062723c751e8b465ee728b)
Start importing Assets/CS - Signs Free/Prefabs/Freeway/SignPost_1.prefab using Guid(377d4109a5df9dc4bbee7393d5599aaa) Importer(815301076,1909f56bfc062723c751e8b465ee728b)  -> (artifact id: '57eff96a56d48e7bdeea75ec34232f48') in 0.543669 seconds 
========================================================================
Received Import Request.
  Time since last request: 2.321077 seconds.
  path: Assets/CS - Signs Free/Prefabs/Large/Sign_2_Way_Street.prefab
  artifactKey: Guid(3a46691d5182e6b45b689599dceb669f) Importer(815301076,1909f56bfc062723c751e8b465ee728b)
Start importing Assets/CS - Signs Free/Prefabs/Large/Sign_2_Way_Street.prefab using Guid(3a46691d5182e6b45b689599dceb669f) Importer(815301076,1909f56bfc062723c751e8b465ee728b)  -> (artifact id: '23f0f9949ca15ae7209dc7d3b85138f8') in 0.054096 seconds 
========================================================================
Received Import Request.
  Time since last request: 0.000030 seconds.
  path: Assets/CS - Signs Free/Prefabs/Large/Sign_Added_Lane_2.prefab
  artifactKey: Guid(93cc623d93ca78e41968b3bbd65581ac) Importer(815301076,1909f56bfc062723c751e8b465ee728b)
Start importing Assets/CS - Signs Free/Prefabs/Large/Sign_Added_Lane_2.prefab using Guid(93cc623d93ca78e41968b3bbd65581ac) Importer(815301076,1909f56bfc062723c751e8b465ee728b)  -> (artifact id: 'ff22f59ce2da8edfce8e6e6f9429ffb0') in 0.065406 seconds 
========================================================================
Received Import Request.
  Time since last request: 0.000071 seconds.
  path: Assets/CS - Signs Free/Prefabs/Large/Sign_Divided_Highway.prefab
  artifactKey: Guid(3691633a64545c24eb15f2ba1a3b3f3b) Importer(815301076,1909f56bfc062723c751e8b465ee728b)
Start importing Assets/CS - Signs Free/Prefabs/Large/Sign_Divided_Highway.prefab using Guid(3691633a64545c24eb15f2ba1a3b3f3b) Importer(815301076,1909f56bfc062723c751e8b465ee728b)  -> (artifact id: '648bd8aecb4a923b45b17a4e663a7d05') in 0.075811 seconds 
========================================================================
Received Import Request.
  Time since last request: 0.000055 seconds.
  path: Assets/CS - Signs Free/Prefabs/Large/Sign_Right_Turn_Only.prefab
  artifactKey: Guid(7919c0439bd1d5542aa2f1fc66405d82) Importer(815301076,1909f56bfc062723c751e8b465ee728b)
Start importing Assets/CS - Signs Free/Prefabs/Large/Sign_Right_Turn_Only.prefab using Guid(7919c0439bd1d5542aa2f1fc66405d82) Importer(815301076,1909f56bfc062723c751e8b465ee728b)  -> (artifact id: '40673890226bfaceeec96c258849cdcc') in 0.053531 seconds 
========================================================================
Received Import Request.
  Time since last request: 0.000062 seconds.
  path: Assets/CS - Signs Free/Prefabs/Large/Sign_Keep_Right.prefab
  artifactKey: Guid(c6003e2525111e041863b1ac662e3b73) Importer(815301076,1909f56bfc062723c751e8b465ee728b)
Start importing Assets/CS - Signs Free/Prefabs/Large/Sign_Keep_Right.prefab using Guid(c6003e2525111e041863b1ac662e3b73) Importer(815301076,1909f56bfc062723c751e8b465ee728b)  -> (artifact id: 'ba3d0c471106f17c5a4bd281c8feacde') in 0.115445 seconds 
========================================================================
Received Import Request.
  Time since last request: 0.000081 seconds.
  path: Assets/CS - Signs Free/Prefabs/Large/Sign_Keep_Left.prefab
  artifactKey: Guid(2cbeacaa276c3524bbd0a5433c30d0bd) Importer(815301076,1909f56bfc062723c751e8b465ee728b)
Start importing Assets/CS - Signs Free/Prefabs/Large/Sign_Keep_Left.prefab using Guid(2cbeacaa276c3524bbd0a5433c30d0bd) Importer(815301076,1909f56bfc062723c751e8b465ee728b)  -> (artifact id: 'a55d0aa96ba77e7b70ac7595a094b688') in 0.075471 seconds 
========================================================================
Received Import Request.
  Time since last request: 0.000052 seconds.
  path: Assets/CS - Signs Free/Prefabs/Large/Sign_Speed_70.prefab
  artifactKey: Guid(a73bac6df5b36fd44bd3c968fd7280b8) Importer(815301076,1909f56bfc062723c751e8b465ee728b)
Start importing Assets/CS - Signs Free/Prefabs/Large/Sign_Speed_70.prefab using Guid(a73bac6df5b36fd44bd3c968fd7280b8) Importer(815301076,1909f56bfc062723c751e8b465ee728b)  -> (artifact id: '2b1541f44ea80bc1ae7aecc243e2fb68') in 0.066140 seconds 
========================================================================
Received Import Request.
  Time since last request: 0.000035 seconds.
  path: Assets/CS - Signs Free/Prefabs/Large/Sign_Sharp_Left.prefab
  artifactKey: Guid(ffda5725b67138a4f8a82aac764efcee) Importer(815301076,1909f56bfc062723c751e8b465ee728b)
Start importing Assets/CS - Signs Free/Prefabs/Large/Sign_Sharp_Left.prefab using Guid(ffda5725b67138a4f8a82aac764efcee) Importer(815301076,1909f56bfc062723c751e8b465ee728b)  -> (artifact id: '2a836ea1bf19677d03c298ac74756096') in 0.109446 seconds 
========================================================================
Received Import Request.
  Time since last request: 0.000049 seconds.
  path: Assets/CS - Signs Free/Prefabs/Large/Sign_Merge.prefab
  artifactKey: Guid(f6aa736b8d5baf840ae18de43eac400e) Importer(815301076,1909f56bfc062723c751e8b465ee728b)
Start importing Assets/CS - Signs Free/Prefabs/Large/Sign_Merge.prefab using Guid(f6aa736b8d5baf840ae18de43eac400e) Importer(815301076,1909f56bfc062723c751e8b465ee728b)  -> (artifact id: 'e0656664c9ff9cfde20d6bb543b0c69d') in 0.074491 seconds 
========================================================================
Received Import Request.
  Time since last request: 0.000038 seconds.
  path: Assets/CS - Signs Free/Prefabs/Large/Sign_Slight_Left.prefab
  artifactKey: Guid(5f3aaf835ed6c4946a48821bb448693a) Importer(815301076,1909f56bfc062723c751e8b465ee728b)
Start importing Assets/CS - Signs Free/Prefabs/Large/Sign_Slight_Left.prefab using Guid(5f3aaf835ed6c4946a48821bb448693a) Importer(815301076,1909f56bfc062723c751e8b465ee728b)  -> (artifact id: 'fd2b33c74bbfa6ac8f7e182a7fc3a4ab') in 0.060224 seconds 
========================================================================
Received Import Request.
  Time since last request: 0.000063 seconds.
  path: Assets/CS - Signs Free/Prefabs/Large/Sign_Ped_Xing_2.prefab
  artifactKey: Guid(8b2c419d45f665446bf75ffdf2d872fc) Importer(815301076,1909f56bfc062723c751e8b465ee728b)
Start importing Assets/CS - Signs Free/Prefabs/Large/Sign_Ped_Xing_2.prefab using Guid(8b2c419d45f665446bf75ffdf2d872fc) Importer(815301076,1909f56bfc062723c751e8b465ee728b)  -> (artifact id: '6d438bfbcfa0650c8fdcc10ec1413427') in 0.079792 seconds 
========================================================================
Received Import Request.
  Time since last request: 0.000032 seconds.
  path: Assets/CS - Signs Free/Prefabs/Large/Sign_Forward_Only.prefab
  artifactKey: Guid(71b2784d9d0155e428b54b4c0997da74) Importer(815301076,1909f56bfc062723c751e8b465ee728b)
Start importing Assets/CS - Signs Free/Prefabs/Large/Sign_Forward_Only.prefab using Guid(71b2784d9d0155e428b54b4c0997da74) Importer(815301076,1909f56bfc062723c751e8b465ee728b)  -> (artifact id: '10264b1e99d12b88727000e609a15757') in 0.081702 seconds 
========================================================================
Received Import Request.
  Time since last request: 0.000066 seconds.
  path: Assets/CS - Signs Free/Prefabs/Large/Sign_Sharp_Right.prefab
  artifactKey: Guid(e567d38d825d8904c950e8596e642b77) Importer(815301076,1909f56bfc062723c751e8b465ee728b)
Start importing Assets/CS - Signs Free/Prefabs/Large/Sign_Sharp_Right.prefab using Guid(e567d38d825d8904c950e8596e642b77) Importer(815301076,1909f56bfc062723c751e8b465ee728b)  -> (artifact id: 'e8369efa24d8679952232f5cf702ac24') in 0.077968 seconds 
========================================================================
Received Import Request.
  Time since last request: 0.000164 seconds.
  path: Assets/CS - Signs Free/Prefabs/Large/Sign_Sideroad_T_R.prefab
  artifactKey: Guid(e72ba1f73e26b004f8ceb9fec55ff39c) Importer(815301076,1909f56bfc062723c751e8b465ee728b)
Start importing Assets/CS - Signs Free/Prefabs/Large/Sign_Sideroad_T_R.prefab using Guid(e72ba1f73e26b004f8ceb9fec55ff39c) Importer(815301076,1909f56bfc062723c751e8b465ee728b)  -> (artifact id: 'f8971e10fc1ebbb93035f894cdb6c4c3') in 0.081753 seconds 
========================================================================
Received Import Request.
  Time since last request: 0.000049 seconds.
  path: Assets/CS - Signs Free/Prefabs/Medium/Sign_Sharp_LR.prefab
  artifactKey: Guid(c241b6d4533fd914d9b12813eab8355e) Importer(815301076,1909f56bfc062723c751e8b465ee728b)
Start importing Assets/CS - Signs Free/Prefabs/Medium/Sign_Sharp_LR.prefab using Guid(c241b6d4533fd914d9b12813eab8355e) Importer(815301076,1909f56bfc062723c751e8b465ee728b)  -> (artifact id: '0a376da56e0f32e14bbef1e22320df5b') in 0.040851 seconds 
========================================================================
Received Import Request.
  Time since last request: 0.000034 seconds.
  path: Assets/CS - Signs Free/Prefabs/Medium/Sign_Roundabout.prefab
  artifactKey: Guid(6ddf4828e4fe1d44381682c3ddc26278) Importer(815301076,1909f56bfc062723c751e8b465ee728b)
Start importing Assets/CS - Signs Free/Prefabs/Medium/Sign_Roundabout.prefab using Guid(6ddf4828e4fe1d44381682c3ddc26278) Importer(815301076,1909f56bfc062723c751e8b465ee728b)  -> (artifact id: '96d7b5c3fc0c607ea24cb85ea6afcc37') in 0.078227 seconds 
========================================================================
Received Import Request.
  Time since last request: 0.000057 seconds.
  path: Assets/CS - Signs Free/Prefabs/Medium/Sign_Divided_Highway_Ends.prefab
  artifactKey: Guid(458da49306005e4488d8a78a840dfd23) Importer(815301076,1909f56bfc062723c751e8b465ee728b)
Start importing Assets/CS - Signs Free/Prefabs/Medium/Sign_Divided_Highway_Ends.prefab using Guid(458da49306005e4488d8a78a840dfd23) Importer(815301076,1909f56bfc062723c751e8b465ee728b)  -> (artifact id: 'e816b7d69c6873a8620b3dd9aba6f063') in 0.046026 seconds 
========================================================================
Received Import Request.
  Time since last request: 0.000055 seconds.
  path: Assets/CS - Signs Free/Prefabs/Medium/Sign_Sharp_RL.prefab
  artifactKey: Guid(ccce3eeb57e5b8748b3cc3ffb9197b6b) Importer(815301076,1909f56bfc062723c751e8b465ee728b)
Start importing Assets/CS - Signs Free/Prefabs/Medium/Sign_Sharp_RL.prefab using Guid(ccce3eeb57e5b8748b3cc3ffb9197b6b) Importer(815301076,1909f56bfc062723c751e8b465ee728b)  -> (artifact id: '6cd96a6a2a134ee558b998e76f0b5454') in 0.088083 seconds 
========================================================================
Received Import Request.
  Time since last request: 0.000031 seconds.
  path: Assets/CS - Signs Free/Prefabs/Medium/Sign_Added_Lane.prefab
  artifactKey: Guid(4bf06948309f0de41830e4bfc62f7a89) Importer(815301076,1909f56bfc062723c751e8b465ee728b)
Start importing Assets/CS - Signs Free/Prefabs/Medium/Sign_Added_Lane.prefab using Guid(4bf06948309f0de41830e4bfc62f7a89) Importer(815301076,1909f56bfc062723c751e8b465ee728b)  -> (artifact id: '2b64cd5efab58d13b2c62c33e638200e') in 0.042713 seconds 
========================================================================
Received Import Request.
  Time since last request: 0.000040 seconds.
  path: Assets/CS - Signs Free/Prefabs/Medium/Sign_2_Way_Street.prefab
  artifactKey: Guid(8b68463b20d2e7e429bc31ed99fb988e) Importer(815301076,1909f56bfc062723c751e8b465ee728b)
Start importing Assets/CS - Signs Free/Prefabs/Medium/Sign_2_Way_Street.prefab using Guid(8b68463b20d2e7e429bc31ed99fb988e) Importer(815301076,1909f56bfc062723c751e8b465ee728b)  -> (artifact id: '99f40a0dc899dbb2a93ee3e175291166') in 0.080703 seconds 
========================================================================
Received Import Request.
  Time since last request: 0.000041 seconds.
  path: Assets/CS - Signs Free/Prefabs/Medium/Sign_Hill.prefab
  artifactKey: Guid(c2f859ccae2152345870f56685acd1e3) Importer(815301076,1909f56bfc062723c751e8b465ee728b)
Start importing Assets/CS - Signs Free/Prefabs/Medium/Sign_Hill.prefab using Guid(c2f859ccae2152345870f56685acd1e3) Importer(815301076,1909f56bfc062723c751e8b465ee728b)  -> (artifact id: '5a51898f0d56b4452a417a95067a7d71') in 0.038285 seconds 
========================================================================
Received Import Request.
  Time since last request: 0.000064 seconds.
  path: Assets/CS - Signs Free/Prefabs/Medium/Sign_LR.prefab
  artifactKey: Guid(8b36f0d8319641048886b31c0aeb361b) Importer(815301076,1909f56bfc062723c751e8b465ee728b)
Start importing Assets/CS - Signs Free/Prefabs/Medium/Sign_LR.prefab using Guid(8b36f0d8319641048886b31c0aeb361b) Importer(815301076,1909f56bfc062723c751e8b465ee728b)  -> (artifact id: '72bd350987a3819ed70ff72ccc2f9c0f') in 0.113487 seconds 
========================================================================
Received Import Request.
  Time since last request: 0.000070 seconds.
  path: Assets/CS - Signs Free/Prefabs/Medium/Sign_Keep_Right.prefab
  artifactKey: Guid(0fc085ca3b32c7d4fb436a443ad43831) Importer(815301076,1909f56bfc062723c751e8b465ee728b)
Start importing Assets/CS - Signs Free/Prefabs/Medium/Sign_Keep_Right.prefab using Guid(0fc085ca3b32c7d4fb436a443ad43831) Importer(815301076,1909f56bfc062723c751e8b465ee728b)  -> (artifact id: 'ff27c661e52dea8e9ea0dc71dacf21c3') in 0.046536 seconds 
========================================================================
Received Import Request.
  Time since last request: 0.000029 seconds.
  path: Assets/CS - Signs Free/Prefabs/Medium/Sign_Keep_Left.prefab
  artifactKey: Guid(867fc617fa10e5c4e8256068c9225d98) Importer(815301076,1909f56bfc062723c751e8b465ee728b)
Start importing Assets/CS - Signs Free/Prefabs/Medium/Sign_Keep_Left.prefab using Guid(867fc617fa10e5c4e8256068c9225d98) Importer(815301076,1909f56bfc062723c751e8b465ee728b)  -> (artifact id: 'a2f0e1c50e339497f39920d1499f774c') in 0.086014 seconds 
========================================================================
Received Import Request.
  Time since last request: 0.000244 seconds.
  path: Assets/CS - Signs Free/Prefabs/Medium/Sign_Clearance_12_6.prefab
  artifactKey: Guid(473497f5a698977429a2b8de85483d09) Importer(815301076,1909f56bfc062723c751e8b465ee728b)
Start importing Assets/CS - Signs Free/Prefabs/Medium/Sign_Clearance_12_6.prefab using Guid(473497f5a698977429a2b8de85483d09) Importer(815301076,1909f56bfc062723c751e8b465ee728b)  -> (artifact id: 'f903487399c1cb7cf653aefe995962f8') in 0.068976 seconds 
========================================================================
Received Import Request.
  Time since last request: 0.000058 seconds.
  path: Assets/CS - Signs Free/Prefabs/Medium/Sign_No_Left_Turn.prefab
  artifactKey: Guid(c2c1451ee7fce8f488b5eaf33e1dd56f) Importer(815301076,1909f56bfc062723c751e8b465ee728b)
Start importing Assets/CS - Signs Free/Prefabs/Medium/Sign_No_Left_Turn.prefab using Guid(c2c1451ee7fce8f488b5eaf33e1dd56f) Importer(815301076,1909f56bfc062723c751e8b465ee728b)  -> (artifact id: '74150178beafafbb8096cf2c92df300f') in 0.045606 seconds 
========================================================================
Received Import Request.
  Time since last request: 0.000034 seconds.
  path: Assets/CS - Signs Free/Prefabs/Medium/Sign_Forward_or_Left.prefab
  artifactKey: Guid(3ca2af5c7bb396b478771f205d8e5195) Importer(815301076,1909f56bfc062723c751e8b465ee728b)
Start importing Assets/CS - Signs Free/Prefabs/Medium/Sign_Forward_or_Left.prefab using Guid(3ca2af5c7bb396b478771f205d8e5195) Importer(815301076,1909f56bfc062723c751e8b465ee728b)  -> (artifact id: '761ba7d374b3e060d4caa259872df332') in 0.067837 seconds 
========================================================================
Received Import Request.
  Time since last request: 0.000035 seconds.
  path: Assets/CS - Signs Free/Prefabs/Medium/Sign_Chevron_R.prefab
  artifactKey: Guid(9f351f91199c0764fafb3db7279cef35) Importer(815301076,1909f56bfc062723c751e8b465ee728b)
Start importing Assets/CS - Signs Free/Prefabs/Medium/Sign_Chevron_R.prefab using Guid(9f351f91199c0764fafb3db7279cef35) Importer(815301076,1909f56bfc062723c751e8b465ee728b)  -> (artifact id: '2b892ec9ee084ce7695c229bfef335b5') in 0.092688 seconds 
========================================================================
Received Import Request.
  Time since last request: 0.000221 seconds.
  path: Assets/CS - Signs Free/Prefabs/Medium/Sign_Chevron_L.prefab
  artifactKey: Guid(b4cee10575382ab4e93c83354a1b10c8) Importer(815301076,1909f56bfc062723c751e8b465ee728b)
Start importing Assets/CS - Signs Free/Prefabs/Medium/Sign_Chevron_L.prefab using Guid(b4cee10575382ab4e93c83354a1b10c8) Importer(815301076,1909f56bfc062723c751e8b465ee728b)  -> (artifact id: 'bbd9baa7ba6829baa325b940ab154c03') in 0.051209 seconds 
========================================================================
Received Import Request.
  Time since last request: 0.000091 seconds.
  path: Assets/CS - Signs Free/Prefabs/Medium/Sign_Left_Turn_Only.prefab
  artifactKey: Guid(066dfc26e267c8740afb2ae9da754546) Importer(815301076,1909f56bfc062723c751e8b465ee728b)
Start importing Assets/CS - Signs Free/Prefabs/Medium/Sign_Left_Turn_Only.prefab using Guid(066dfc26e267c8740afb2ae9da754546) Importer(815301076,1909f56bfc062723c751e8b465ee728b)  -> (artifact id: '18dcf890a6807c5fa7a0a94af4ce7e5d') in 0.147865 seconds 
========================================================================
Received Import Request.
  Time since last request: 0.000040 seconds.
  path: Assets/CS - Signs Free/Prefabs/Medium/Sign_No_Parking.prefab
  artifactKey: Guid(8f2dbefcf3030b847bb9a7aef3c8d79e) Importer(815301076,1909f56bfc062723c751e8b465ee728b)
Start importing Assets/CS - Signs Free/Prefabs/Medium/Sign_No_Parking.prefab using Guid(8f2dbefcf3030b847bb9a7aef3c8d79e) Importer(815301076,1909f56bfc062723c751e8b465ee728b)  -> (artifact id: '79aefbd5058c5f60f2c28563ffde11fd') in 0.037387 seconds 
========================================================================
Received Import Request.
  Time since last request: 0.000053 seconds.
  path: Assets/CS - Signs Free/Prefabs/Medium/Sign_Sideroad_T_L.prefab
  artifactKey: Guid(17b86863a1c3e0940a3f170a1ba3fe3b) Importer(815301076,1909f56bfc062723c751e8b465ee728b)
Start importing Assets/CS - Signs Free/Prefabs/Medium/Sign_Sideroad_T_L.prefab using Guid(17b86863a1c3e0940a3f170a1ba3fe3b) Importer(815301076,1909f56bfc062723c751e8b465ee728b)  -> (artifact id: 'ff8dc3b10b9458293f9e7335fdb25d5a') in 0.103922 seconds 
========================================================================
Received Import Request.
  Time since last request: 0.000056 seconds.
  path: Assets/CS - Signs Free/Prefabs/Medium/Sign_Right_Turn_Only.prefab
  artifactKey: Guid(f84184f06d616784987ab5531137f7f7) Importer(815301076,1909f56bfc062723c751e8b465ee728b)
Start importing Assets/CS - Signs Free/Prefabs/Medium/Sign_Right_Turn_Only.prefab using Guid(f84184f06d616784987ab5531137f7f7) Importer(815301076,1909f56bfc062723c751e8b465ee728b)  -> (artifact id: '8c6d68a8c0ef2e1600bcb40beaaa6b00') in 0.036229 seconds 
========================================================================
Received Import Request.
  Time since last request: 0.000040 seconds.
  path: Assets/CS - Signs Free/Prefabs/Large/Sign_Left_Turn_Yield_On_Green.prefab
  artifactKey: Guid(545fc65bf982f5642a55d66af1938055) Importer(815301076,1909f56bfc062723c751e8b465ee728b)
Start importing Assets/CS - Signs Free/Prefabs/Large/Sign_Left_Turn_Yield_On_Green.prefab using Guid(545fc65bf982f5642a55d66af1938055) Importer(815301076,1909f56bfc062723c751e8b465ee728b)  -> (artifact id: 'eeaf93d3222a1504da4413a4e99966e5') in 0.069448 seconds 
========================================================================
Received Import Request.
  Time since last request: 0.000046 seconds.
  path: Assets/CS - Signs Free/Prefabs/Large/Sign_Roundabout.prefab
  artifactKey: Guid(f454e6555f37acc4d8e790f4d15838c9) Importer(815301076,1909f56bfc062723c751e8b465ee728b)
Start importing Assets/CS - Signs Free/Prefabs/Large/Sign_Roundabout.prefab using Guid(f454e6555f37acc4d8e790f4d15838c9) Importer(815301076,1909f56bfc062723c751e8b465ee728b)  -> (artifact id: 'b5628522558e2aa863cc4d983fd515fa') in 0.045138 seconds 
========================================================================
Received Import Request.
  Time since last request: 0.000034 seconds.
  path: Assets/CS - Signs Free/Prefabs/Large/Sign_Ped_Xing.prefab
  artifactKey: Guid(e32770cc1912cad488e1624bfd174275) Importer(815301076,1909f56bfc062723c751e8b465ee728b)
Start importing Assets/CS - Signs Free/Prefabs/Large/Sign_Ped_Xing.prefab using Guid(e32770cc1912cad488e1624bfd174275) Importer(815301076,1909f56bfc062723c751e8b465ee728b)  -> (artifact id: 'c4deeb43e832e8c5883353781adbad3e') in 0.099994 seconds 
========================================================================
Received Import Request.
  Time since last request: 0.000066 seconds.
  path: Assets/CS - Signs Free/Prefabs/Large/Sign_Dead_End.prefab
  artifactKey: Guid(079043d13375ad645b83a76876bb3de5) Importer(815301076,1909f56bfc062723c751e8b465ee728b)
Start importing Assets/CS - Signs Free/Prefabs/Large/Sign_Dead_End.prefab using Guid(079043d13375ad645b83a76876bb3de5) Importer(815301076,1909f56bfc062723c751e8b465ee728b)  -> (artifact id: '94d621167db7720e4a2037e61c616681') in 0.040236 seconds 
========================================================================
Received Import Request.
  Time since last request: 0.000049 seconds.
  path: Assets/CS - Signs Free/Prefabs/Medium/Sign_Right_Lane_Ends_2.prefab
  artifactKey: Guid(18608594168ebbe42a2c84f5c637b44a) Importer(815301076,1909f56bfc062723c751e8b465ee728b)
Start importing Assets/CS - Signs Free/Prefabs/Medium/Sign_Right_Lane_Ends_2.prefab using Guid(18608594168ebbe42a2c84f5c637b44a) Importer(815301076,1909f56bfc062723c751e8b465ee728b)  -> (artifact id: 'b522be49bf854ac7eb1a838974146482') in 0.072588 seconds 
========================================================================
Received Import Request.
  Time since last request: 0.000036 seconds.
  path: Assets/CS - Signs Free/Prefabs/Medium/Sign_Merge.prefab
  artifactKey: Guid(8f528e6301d0661458468d027d96928b) Importer(815301076,1909f56bfc062723c751e8b465ee728b)
Start importing Assets/CS - Signs Free/Prefabs/Medium/Sign_Merge.prefab using Guid(8f528e6301d0661458468d027d96928b) Importer(815301076,1909f56bfc062723c751e8b465ee728b)  -> (artifact id: '8b462b45c0c28767fe1f1b330affb0ff') in 0.037700 seconds 
========================================================================
Received Import Request.
  Time since last request: 0.000037 seconds.
  path: Assets/CS - Signs Free/Prefabs/Large/Sign_Forward_or_Left.prefab
  artifactKey: Guid(0f84162984fbae7458a184c785365eb9) Importer(815301076,1909f56bfc062723c751e8b465ee728b)
Start importing Assets/CS - Signs Free/Prefabs/Large/Sign_Forward_or_Left.prefab using Guid(0f84162984fbae7458a184c785365eb9) Importer(815301076,1909f56bfc062723c751e8b465ee728b)  -> (artifact id: 'b2266496a0175eea340d448bab5cb6ad') in 0.060901 seconds 
========================================================================
Received Import Request.
  Time since last request: 0.000051 seconds.
  path: Assets/CS - Signs Free/Prefabs/Large/Sign_Left_Lane_Ends_2.prefab
  artifactKey: Guid(9afa10d4fcb2b9743b7957209dc7056e) Importer(815301076,1909f56bfc062723c751e8b465ee728b)
Start importing Assets/CS - Signs Free/Prefabs/Large/Sign_Left_Lane_Ends_2.prefab using Guid(9afa10d4fcb2b9743b7957209dc7056e) Importer(815301076,1909f56bfc062723c751e8b465ee728b)  -> (artifact id: '3ff96feaca2124ca8f305c6582802593') in 0.060944 seconds 
========================================================================
Received Import Request.
  Time since last request: 0.000062 seconds.
  path: Assets/CS - Signs Free/Prefabs/Large/Sign_Crossroad.prefab
  artifactKey: Guid(34185824c2b716f4c85da813c00291e6) Importer(815301076,1909f56bfc062723c751e8b465ee728b)
Start importing Assets/CS - Signs Free/Prefabs/Large/Sign_Crossroad.prefab using Guid(34185824c2b716f4c85da813c00291e6) Importer(815301076,1909f56bfc062723c751e8b465ee728b)  -> (artifact id: '32a8324a3e456a3ae372240086247ccb') in 0.037349 seconds 
========================================================================
Received Import Request.
  Time since last request: 0.000044 seconds.
  path: Assets/CS - Signs Free/Prefabs/Large/Sign_Left_Turn_Only.prefab
  artifactKey: Guid(b4ef553f84424864f9f2d427028d2205) Importer(815301076,1909f56bfc062723c751e8b465ee728b)
Start importing Assets/CS - Signs Free/Prefabs/Large/Sign_Left_Turn_Only.prefab using Guid(b4ef553f84424864f9f2d427028d2205) Importer(815301076,1909f56bfc062723c751e8b465ee728b)  -> (artifact id: '1db58e346c3c02d4bcc40730ceae608b') in 0.064336 seconds 
========================================================================
Received Import Request.
  Time since last request: 0.000031 seconds.
  path: Assets/CS - Signs Free/Prefabs/Medium/Sign_Forward_Only.prefab
  artifactKey: Guid(1de3a89f44cdcf04f9401da8ccb5f75e) Importer(815301076,1909f56bfc062723c751e8b465ee728b)
Start importing Assets/CS - Signs Free/Prefabs/Medium/Sign_Forward_Only.prefab using Guid(1de3a89f44cdcf04f9401da8ccb5f75e) Importer(815301076,1909f56bfc062723c751e8b465ee728b)  -> (artifact id: 'c1f0a47edccd2cb86391fe534dfdfc61') in 0.042173 seconds 
========================================================================
Received Import Request.
  Time since last request: 0.000034 seconds.
  path: Assets/CS - Signs Free/Prefabs/Large/Sign_Divided_Highway_Ends.prefab
  artifactKey: Guid(4142d4bbda310dc4794695aa7b9de474) Importer(815301076,1909f56bfc062723c751e8b465ee728b)
Start importing Assets/CS - Signs Free/Prefabs/Large/Sign_Divided_Highway_Ends.prefab using Guid(4142d4bbda310dc4794695aa7b9de474) Importer(815301076,1909f56bfc062723c751e8b465ee728b)  -> (artifact id: '1dfb013664f2b41c190a079b3519029d') in 0.064112 seconds 
========================================================================
Received Import Request.
  Time since last request: 0.000045 seconds.
  path: Assets/CS - Signs Free/Prefabs/Large/Sign_Speed_55.prefab
  artifactKey: Guid(f78d874a48cc9904cbc71df03afa0ec2) Importer(815301076,1909f56bfc062723c751e8b465ee728b)
Start importing Assets/CS - Signs Free/Prefabs/Large/Sign_Speed_55.prefab using Guid(f78d874a48cc9904cbc71df03afa0ec2) Importer(815301076,1909f56bfc062723c751e8b465ee728b)  -> (artifact id: '2b151121716f5e63b025e16af179dd2e') in 0.043488 seconds 
========================================================================
Received Import Request.
  Time since last request: 0.000047 seconds.
  path: Assets/CS - Signs Free/Prefabs/Medium/Sign_Do_Not_Enter.prefab
  artifactKey: Guid(15a19ef15f06c584992e8a2f1d560a8c) Importer(815301076,1909f56bfc062723c751e8b465ee728b)
Start importing Assets/CS - Signs Free/Prefabs/Medium/Sign_Do_Not_Enter.prefab using Guid(15a19ef15f06c584992e8a2f1d560a8c) Importer(815301076,1909f56bfc062723c751e8b465ee728b)  -> (artifact id: '9abfa0ae462a94b05812e61eaa5e04aa') in 0.073631 seconds 
========================================================================
Received Import Request.
  Time since last request: 0.000031 seconds.
  path: Assets/CS - Signs Free/Prefabs/Large/Sign_Clearance_12_6.prefab
  artifactKey: Guid(f5a193701f891b2449072595226c7ac0) Importer(815301076,1909f56bfc062723c751e8b465ee728b)
Start importing Assets/CS - Signs Free/Prefabs/Large/Sign_Clearance_12_6.prefab using Guid(f5a193701f891b2449072595226c7ac0) Importer(815301076,1909f56bfc062723c751e8b465ee728b)  -> (artifact id: 'd4e9ab28ac263fb4a30e838ef12c29a0') in 0.044263 seconds 
========================================================================
Received Import Request.
  Time since last request: 0.000032 seconds.
  path: Assets/CS - Signs Free/Prefabs/Medium/Sign_Ped_Xing_2.prefab
  artifactKey: Guid(98c8f02b6a0ef25439a341768f488869) Importer(815301076,1909f56bfc062723c751e8b465ee728b)
Start importing Assets/CS - Signs Free/Prefabs/Medium/Sign_Ped_Xing_2.prefab using Guid(98c8f02b6a0ef25439a341768f488869) Importer(815301076,1909f56bfc062723c751e8b465ee728b)  -> (artifact id: '89642d9a6015de3ffcb7d70cd74270e9') in 0.067022 seconds 
========================================================================
Received Import Request.
  Time since last request: 39.899237 seconds.
  path: Assets/CS - Signs Free/Prefabs/Medium/Sign_Speed_25.prefab
  artifactKey: Guid(49c063cb9f8d92a4f9d8ee9b4a913ad1) Importer(815301076,1909f56bfc062723c751e8b465ee728b)
Start importing Assets/CS - Signs Free/Prefabs/Medium/Sign_Speed_25.prefab using Guid(49c063cb9f8d92a4f9d8ee9b4a913ad1) Importer(815301076,1909f56bfc062723c751e8b465ee728b)  -> (artifact id: 'd93c12441887e373f10b90088eac28d0') in 0.047577 seconds 
========================================================================
Received Import Request.
  Time since last request: 0.000044 seconds.
  path: Assets/CS - Signs Free/Prefabs/Medium/Sign_Yield.prefab
  artifactKey: Guid(8e54c509bcf057b4a93d7095b262f9b7) Importer(815301076,1909f56bfc062723c751e8b465ee728b)
Start importing Assets/CS - Signs Free/Prefabs/Medium/Sign_Yield.prefab using Guid(8e54c509bcf057b4a93d7095b262f9b7) Importer(815301076,1909f56bfc062723c751e8b465ee728b)  -> (artifact id: '405b86a697a2d4bc46dcee66060ef878') in 0.049609 seconds 
========================================================================
Received Import Request.
  Time since last request: 0.000048 seconds.
  path: Assets/CS - Signs Free/Prefabs/Medium/St_Airport_Way.prefab
  artifactKey: Guid(de68aa8b4d98c4641817028deca89ca5) Importer(815301076,1909f56bfc062723c751e8b465ee728b)
Start importing Assets/CS - Signs Free/Prefabs/Medium/St_Airport_Way.prefab using Guid(de68aa8b4d98c4641817028deca89ca5) Importer(815301076,1909f56bfc062723c751e8b465ee728b)  -> (artifact id: 'a05389ffe62a3495b9fa3b6c2c634b23') in 0.122416 seconds 
========================================================================
Received Import Request.
  Time since last request: 0.000073 seconds.
  path: Assets/CS - Signs Free/Prefabs/Medium/SignPost_1.prefab
  artifactKey: Guid(55a0661a93efb5640af5c4d542435ffe) Importer(815301076,1909f56bfc062723c751e8b465ee728b)
Start importing Assets/CS - Signs Free/Prefabs/Medium/SignPost_1.prefab using Guid(55a0661a93efb5640af5c4d542435ffe) Importer(815301076,1909f56bfc062723c751e8b465ee728b)  -> (artifact id: 'a4826d1afe512414bd517744d99eb01e') in 0.080312 seconds 
========================================================================
Received Import Request.
  Time since last request: 0.000036 seconds.
  path: Assets/CS - Signs Free/Prefabs/Medium/St_Main.prefab
  artifactKey: Guid(aa517ec145587a443b0d526d211a9350) Importer(815301076,1909f56bfc062723c751e8b465ee728b)
Start importing Assets/CS - Signs Free/Prefabs/Medium/St_Main.prefab using Guid(aa517ec145587a443b0d526d211a9350) Importer(815301076,1909f56bfc062723c751e8b465ee728b)  -> (artifact id: '070ea6069fa39dd1d693fac386c32011') in 0.048464 seconds 
========================================================================
Received Import Request.
  Time since last request: 0.000048 seconds.
  path: Assets/CS - Signs Free/Prefabs/Medium/Sign_Speed_55.prefab
  artifactKey: Guid(55085ea7ca33be74eac23106f86fd291) Importer(815301076,1909f56bfc062723c751e8b465ee728b)
Start importing Assets/CS - Signs Free/Prefabs/Medium/Sign_Speed_55.prefab using Guid(55085ea7ca33be74eac23106f86fd291) Importer(815301076,1909f56bfc062723c751e8b465ee728b)  -> (artifact id: '3642e211e7f30244f2149594b459a6da') in 0.088020 seconds 
========================================================================
Received Import Request.
  Time since last request: 6.524286 seconds.
  path: Assets/CS - Signs Free/Prefabs/Medium/Tab_Ahead.prefab
  artifactKey: Guid(5cd0d0172581d6545bed2dfcd8c1a394) Importer(815301076,1909f56bfc062723c751e8b465ee728b)
Start importing Assets/CS - Signs Free/Prefabs/Medium/Tab_Ahead.prefab using Guid(5cd0d0172581d6545bed2dfcd8c1a394) Importer(815301076,1909f56bfc062723c751e8b465ee728b)  -> (artifact id: 'fe3e86cf4be542135879bb075ef3850a') in 0.057740 seconds 
========================================================================
Received Import Request.
  Time since last request: 0.000039 seconds.
  path: Assets/CS - Signs Free/Prefabs/Medium/Tab_Speed_45.prefab
  artifactKey: Guid(4ab1f37fe1a9b5148825528a54a49792) Importer(815301076,1909f56bfc062723c751e8b465ee728b)
Start importing Assets/CS - Signs Free/Prefabs/Medium/Tab_Speed_45.prefab using Guid(4ab1f37fe1a9b5148825528a54a49792) Importer(815301076,1909f56bfc062723c751e8b465ee728b)  -> (artifact id: '066435529dd524e3accd3e17b2499d44') in 0.091095 seconds 
========================================================================
Received Import Request.
  Time since last request: 256.479205 seconds.
  path: Assets/CS - Signs Free/Prefabs/Medium/Sign_Slight_Right.prefab
  artifactKey: Guid(7a8e3a6d83d6fa145b88ffb35777e679) Importer(815301076,1909f56bfc062723c751e8b465ee728b)
Start importing Assets/CS - Signs Free/Prefabs/Medium/Sign_Slight_Right.prefab using Guid(7a8e3a6d83d6fa145b88ffb35777e679) Importer(815301076,1909f56bfc062723c751e8b465ee728b)  -> (artifact id: 'ae4ac0756bc84b4680131d3c0ed90e7a') in 0.046599 seconds 
========================================================================
Received Import Request.
  Time since last request: 4.490649 seconds.
  path: Assets/CS - Signs Free/Prefabs/Medium/Sign_Slight_Right.prefab
  artifactKey: Guid(7a8e3a6d83d6fa145b88ffb35777e679) Importer(815301076,1909f56bfc062723c751e8b465ee728b)
Start importing Assets/CS - Signs Free/Prefabs/Medium/Sign_Slight_Right.prefab using Guid(7a8e3a6d83d6fa145b88ffb35777e679) Importer(815301076,1909f56bfc062723c751e8b465ee728b)  -> (artifact id: '985c4a623ca3e98391733ecce8e61715') in 0.042278 seconds 
========================================================================
Received Import Request.
  Time since last request: 4.999336 seconds.
  path: Assets/CS - Signs Free/Prefabs/Medium/Sign_Slight_Right.prefab
  artifactKey: Guid(7a8e3a6d83d6fa145b88ffb35777e679) Importer(815301076,1909f56bfc062723c751e8b465ee728b)
Start importing Assets/CS - Signs Free/Prefabs/Medium/Sign_Slight_Right.prefab using Guid(7a8e3a6d83d6fa145b88ffb35777e679) Importer(815301076,1909f56bfc062723c751e8b465ee728b)  -> (artifact id: '76f4ff12efd036435c30a6b1f2b71546') in 0.038652 seconds 
========================================================================
Received Import Request.
  Time since last request: 6.008158 seconds.
  path: Assets/CS - Signs Free/Prefabs/Medium/Sign_Slight_Right.prefab
  artifactKey: Guid(7a8e3a6d83d6fa145b88ffb35777e679) Importer(815301076,1909f56bfc062723c751e8b465ee728b)
Start importing Assets/CS - Signs Free/Prefabs/Medium/Sign_Slight_Right.prefab using Guid(7a8e3a6d83d6fa145b88ffb35777e679) Importer(815301076,1909f56bfc062723c751e8b465ee728b)  -> (artifact id: 'f27285961ded1db7ba4665238306bd33') in 0.041927 seconds 
========================================================================
Received Import Request.
  Time since last request: 39.077163 seconds.
  path: Assets/CS - Signs Free/Prefabs/Medium/Sign_Slight_Right.prefab
  artifactKey: Guid(7a8e3a6d83d6fa145b88ffb35777e679) Importer(815301076,1909f56bfc062723c751e8b465ee728b)
Start importing Assets/CS - Signs Free/Prefabs/Medium/Sign_Slight_Right.prefab using Guid(7a8e3a6d83d6fa145b88ffb35777e679) Importer(815301076,1909f56bfc062723c751e8b465ee728b)  -> (artifact id: 'ceb8668755f0494519da17780db592ed') in 0.046566 seconds 
========================================================================
Received Import Request.
  Time since last request: 125.643479 seconds.
  path: Assets/CS - Signs Free/Prefabs/Large/SignPost_1.prefab
  artifactKey: Guid(ce971711b1127b94d858994998d95b94) Importer(815301076,1909f56bfc062723c751e8b465ee728b)
Start importing Assets/CS - Signs Free/Prefabs/Large/SignPost_1.prefab using Guid(ce971711b1127b94d858994998d95b94) Importer(815301076,1909f56bfc062723c751e8b465ee728b)  -> (artifact id: 'b0b7e599e1106cdeec92bb980d6a0a03') in 0.043990 seconds 
========================================================================
Received Import Request.
  Time since last request: 0.000036 seconds.
  path: Assets/CS - Signs Free/Prefabs/Large/Tab_Ahead.prefab
  artifactKey: Guid(b081a2432faf48d459422f484ca53101) Importer(815301076,1909f56bfc062723c751e8b465ee728b)
Start importing Assets/CS - Signs Free/Prefabs/Large/Tab_Ahead.prefab using Guid(b081a2432faf48d459422f484ca53101) Importer(815301076,1909f56bfc062723c751e8b465ee728b)  -> (artifact id: 'c8552ed9ad4c1be0a03752d9162a0175') in 0.037465 seconds 
========================================================================
Received Import Request.
  Time since last request: 0.000043 seconds.
  path: Assets/CS - Signs Free/Prefabs/Large/Tab_Speed_45.prefab
  artifactKey: Guid(1d7c7ce760d30f545b88ca42b6a58936) Importer(815301076,1909f56bfc062723c751e8b465ee728b)
Start importing Assets/CS - Signs Free/Prefabs/Large/Tab_Speed_45.prefab using Guid(1d7c7ce760d30f545b88ca42b6a58936) Importer(815301076,1909f56bfc062723c751e8b465ee728b)  -> (artifact id: 'ad742dcbff73f5e64aa29e3472e17131') in 0.119492 seconds 
========================================================================
Received Import Request.
  Time since last request: 0.000055 seconds.
  path: Assets/CS - Signs Free/Prefabs/Large/Tab_Speed_25.prefab
  artifactKey: Guid(9ea90c47c4e44364a83a5e4ffed96dd0) Importer(815301076,1909f56bfc062723c751e8b465ee728b)
Start importing Assets/CS - Signs Free/Prefabs/Large/Tab_Speed_25.prefab using Guid(9ea90c47c4e44364a83a5e4ffed96dd0) Importer(815301076,1909f56bfc062723c751e8b465ee728b)  -> (artifact id: 'f105fa1d48cf59aec2a2fa567722a83c') in 0.036739 seconds 
========================================================================
Received Import Request.
  Time since last request: 0.000032 seconds.
  path: Assets/CS - Signs Free/Prefabs/Large/St_Main.prefab
  artifactKey: Guid(a6a5d59eb4e1bf84b8a731a4d912ceae) Importer(815301076,1909f56bfc062723c751e8b465ee728b)
Start importing Assets/CS - Signs Free/Prefabs/Large/St_Main.prefab using Guid(a6a5d59eb4e1bf84b8a731a4d912ceae) Importer(815301076,1909f56bfc062723c751e8b465ee728b)  -> (artifact id: '08e1cea3294e54920116d0527438cf6e') in 0.085732 seconds 
========================================================================
Received Import Request.
  Time since last request: 0.000032 seconds.
  path: Assets/CS - Signs Free/Prefabs/Large/St_1st.prefab
  artifactKey: Guid(24cb055ad1b42484d853c1dac9488706) Importer(815301076,1909f56bfc062723c751e8b465ee728b)
Start importing Assets/CS - Signs Free/Prefabs/Large/St_1st.prefab using Guid(24cb055ad1b42484d853c1dac9488706) Importer(815301076,1909f56bfc062723c751e8b465ee728b)  -> (artifact id: '2ab5b83b03d0bb83fcacbbc82cb6762e') in 0.031085 seconds 
========================================================================
Received Import Request.
  Time since last request: 2.672839 seconds.
  path: Assets/CS - Signs Free/Prefabs/Sm-Med/Sign_2_Way_Street.prefab
  artifactKey: Guid(c38f701c334163a479e23a27da555edd) Importer(815301076,1909f56bfc062723c751e8b465ee728b)
Start importing Assets/CS - Signs Free/Prefabs/Sm-Med/Sign_2_Way_Street.prefab using Guid(c38f701c334163a479e23a27da555edd) Importer(815301076,1909f56bfc062723c751e8b465ee728b)  -> (artifact id: 'e0166f9ec1c43978a9a7bafdc3d15e9a') in 0.045317 seconds 
========================================================================
Received Import Request.
  Time since last request: 0.000031 seconds.
  path: Assets/CS - Signs Free/Prefabs/Sm-Med/Sign_Ped_Xing.prefab
  artifactKey: Guid(803f639933b0eac4ea560a4a31469d90) Importer(815301076,1909f56bfc062723c751e8b465ee728b)
Start importing Assets/CS - Signs Free/Prefabs/Sm-Med/Sign_Ped_Xing.prefab using Guid(803f639933b0eac4ea560a4a31469d90) Importer(815301076,1909f56bfc062723c751e8b465ee728b)  -> (artifact id: '25227b0edbb9e8b7fa26d1921500d64b') in 0.042790 seconds 
========================================================================
Received Import Request.
  Time since last request: 0.000048 seconds.
  path: Assets/CS - Signs Free/Prefabs/Sm-Med/Sign_Roundabout.prefab
  artifactKey: Guid(a9cee536fce6a294f9563919a7085f76) Importer(815301076,1909f56bfc062723c751e8b465ee728b)
Start importing Assets/CS - Signs Free/Prefabs/Sm-Med/Sign_Roundabout.prefab using Guid(a9cee536fce6a294f9563919a7085f76) Importer(815301076,1909f56bfc062723c751e8b465ee728b)  -> (artifact id: 'a920f7429fcf51f05dd7524496bde838') in 0.073192 seconds 
========================================================================
Received Import Request.
  Time since last request: 0.000044 seconds.
  path: Assets/CS - Signs Free/Prefabs/Sm-Med/Sign_Crossroad.prefab
  artifactKey: Guid(e8587009c220d67439aacb895efab706) Importer(815301076,1909f56bfc062723c751e8b465ee728b)
Start importing Assets/CS - Signs Free/Prefabs/Sm-Med/Sign_Crossroad.prefab using Guid(e8587009c220d67439aacb895efab706) Importer(815301076,1909f56bfc062723c751e8b465ee728b)  -> (artifact id: '423d38065e5ffe88350e228c9197baac') in 0.041848 seconds 
========================================================================
Received Import Request.
  Time since last request: 0.000056 seconds.
  path: Assets/CS - Signs Free/Prefabs/Sm-Med/Sign_Merge.prefab
  artifactKey: Guid(a7f500579b1303a41bc16f041198ace0) Importer(815301076,1909f56bfc062723c751e8b465ee728b)
Start importing Assets/CS - Signs Free/Prefabs/Sm-Med/Sign_Merge.prefab using Guid(a7f500579b1303a41bc16f041198ace0) Importer(815301076,1909f56bfc062723c751e8b465ee728b)  -> (artifact id: 'c5319ea152177dd5ea4e7df16fdd37d2') in 0.062292 seconds 
========================================================================
Received Import Request.
  Time since last request: 0.000031 seconds.
  path: Assets/CS - Signs Free/Prefabs/Sm-Med/Sign_Sharp_RL.prefab
  artifactKey: Guid(1b7d294d7e9b63348817c43a168ce7ee) Importer(815301076,1909f56bfc062723c751e8b465ee728b)
Start importing Assets/CS - Signs Free/Prefabs/Sm-Med/Sign_Sharp_RL.prefab using Guid(1b7d294d7e9b63348817c43a168ce7ee) Importer(815301076,1909f56bfc062723c751e8b465ee728b)  -> (artifact id: '82384d079c3c897e8dd9721f1bd2d3c3') in 0.039340 seconds 
========================================================================
Received Import Request.
  Time since last request: 0.000036 seconds.
  path: Assets/CS - Signs Free/Prefabs/Sm-Med/Sign_Multilane_Use_8.prefab
  artifactKey: Guid(bc7cc941e6e8d754283824b1eabc4925) Importer(815301076,1909f56bfc062723c751e8b465ee728b)
Start importing Assets/CS - Signs Free/Prefabs/Sm-Med/Sign_Multilane_Use_8.prefab using Guid(bc7cc941e6e8d754283824b1eabc4925) Importer(815301076,1909f56bfc062723c751e8b465ee728b)  -> (artifact id: '280a981279bfcfa023c8722c88164f66') in 0.088192 seconds 
========================================================================
Received Import Request.
  Time since last request: 0.000041 seconds.
  path: Assets/CS - Signs Free/Prefabs/Sm-Med/Sign_Keep_Right.prefab
  artifactKey: Guid(8be90e9d4304710459980de7dac73c2b) Importer(815301076,1909f56bfc062723c751e8b465ee728b)
Start importing Assets/CS - Signs Free/Prefabs/Sm-Med/Sign_Keep_Right.prefab using Guid(8be90e9d4304710459980de7dac73c2b) Importer(815301076,1909f56bfc062723c751e8b465ee728b)  -> (artifact id: 'cc6045475aa9d881036bc59d4cccebd5') in 0.046131 seconds 
========================================================================
Received Import Request.
  Time since last request: 0.000047 seconds.
  path: Assets/CS - Signs Free/Prefabs/Sm-Med/Sign_RL.prefab
  artifactKey: Guid(e59a7d02664db884cbad3f0eb3ad8618) Importer(815301076,1909f56bfc062723c751e8b465ee728b)
Start importing Assets/CS - Signs Free/Prefabs/Sm-Med/Sign_RL.prefab using Guid(e59a7d02664db884cbad3f0eb3ad8618) Importer(815301076,1909f56bfc062723c751e8b465ee728b)  -> (artifact id: '4bd28ff30b77eadb1cb8e45d3c8d3662') in 0.087399 seconds 
========================================================================
Received Import Request.
  Time since last request: 0.000032 seconds.
  path: Assets/CS - Signs Free/Prefabs/Sm-Med/Sign_Sharp_LR.prefab
  artifactKey: Guid(2258b602d89e12640b498ea70ea2c8c5) Importer(815301076,1909f56bfc062723c751e8b465ee728b)
Start importing Assets/CS - Signs Free/Prefabs/Sm-Med/Sign_Sharp_LR.prefab using Guid(2258b602d89e12640b498ea70ea2c8c5) Importer(815301076,1909f56bfc062723c751e8b465ee728b)  -> (artifact id: '267289d09fb40aeeeee83b16088c93a0') in 0.075801 seconds 
========================================================================
Received Import Request.
  Time since last request: 0.000031 seconds.
  path: Assets/CS - Signs Free/Prefabs/Sm-Med/Sign_Chevron_R.prefab
  artifactKey: Guid(96d80214945894c4e883cdc478ec1f07) Importer(815301076,1909f56bfc062723c751e8b465ee728b)
Start importing Assets/CS - Signs Free/Prefabs/Sm-Med/Sign_Chevron_R.prefab using Guid(96d80214945894c4e883cdc478ec1f07) Importer(815301076,1909f56bfc062723c751e8b465ee728b)  -> (artifact id: '90d51f6b1caa26bc24af31b32240dfb8') in 0.095298 seconds 
========================================================================
Received Import Request.
  Time since last request: 0.000051 seconds.
  path: Assets/CS - Signs Free/Prefabs/Sm-Med/Sign_Sideroad_T_L.prefab
  artifactKey: Guid(f99add7cae16b4a4a8ca80a679b3a221) Importer(815301076,1909f56bfc062723c751e8b465ee728b)
Start importing Assets/CS - Signs Free/Prefabs/Sm-Med/Sign_Sideroad_T_L.prefab using Guid(f99add7cae16b4a4a8ca80a679b3a221) Importer(815301076,1909f56bfc062723c751e8b465ee728b)  -> (artifact id: '2f0c001590d5dd6cd7520bef73e48363') in 0.065016 seconds 
========================================================================
Received Import Request.
  Time since last request: 0.000056 seconds.
  path: Assets/CS - Signs Free/Prefabs/Sm-Med/Sign_Slight_Right.prefab
  artifactKey: Guid(6a2496d4517437c4b94f85f12760b218) Importer(815301076,1909f56bfc062723c751e8b465ee728b)
Start importing Assets/CS - Signs Free/Prefabs/Sm-Med/Sign_Slight_Right.prefab using Guid(6a2496d4517437c4b94f85f12760b218) Importer(815301076,1909f56bfc062723c751e8b465ee728b)  -> (artifact id: '764f76e89552de94b17b7c5b43bac219') in 0.038024 seconds 
========================================================================
Received Import Request.
  Time since last request: 0.000032 seconds.
  path: Assets/CS - Signs Free/Prefabs/Sm-Med/Sign_Clearance_12_6.prefab
  artifactKey: Guid(ab2debb8b78dfc7429188875e415e6ed) Importer(815301076,1909f56bfc062723c751e8b465ee728b)
Start importing Assets/CS - Signs Free/Prefabs/Sm-Med/Sign_Clearance_12_6.prefab using Guid(ab2debb8b78dfc7429188875e415e6ed) Importer(815301076,1909f56bfc062723c751e8b465ee728b)  -> (artifact id: 'f3e5a7401aa9ab9c6376680c8fca2e66') in 0.138784 seconds 
========================================================================
Received Import Request.
  Time since last request: 0.000037 seconds.
  path: Assets/CS - Signs Free/Prefabs/Sm-Med/Sign_Sharp_Right.prefab
  artifactKey: Guid(b2cff837b727a714bad13742b23ad2a5) Importer(815301076,1909f56bfc062723c751e8b465ee728b)
Start importing Assets/CS - Signs Free/Prefabs/Sm-Med/Sign_Sharp_Right.prefab using Guid(b2cff837b727a714bad13742b23ad2a5) Importer(815301076,1909f56bfc062723c751e8b465ee728b)  -> (artifact id: '2491c3e6a4878381bb9707bb1058658e') in 0.046870 seconds 
========================================================================
Received Import Request.
  Time since last request: 0.000048 seconds.
  path: Assets/CS - Signs Free/Prefabs/Sm-Med/St_Sunset.prefab
  artifactKey: Guid(7a4aa44074536484098becc9fbc1847a) Importer(815301076,1909f56bfc062723c751e8b465ee728b)
Start importing Assets/CS - Signs Free/Prefabs/Sm-Med/St_Sunset.prefab using Guid(7a4aa44074536484098becc9fbc1847a) Importer(815301076,1909f56bfc062723c751e8b465ee728b)  -> (artifact id: 'c76aa918645a1f3a56d77245beafbf39') in 0.100937 seconds 
========================================================================
Received Import Request.
  Time since last request: 0.000094 seconds.
  path: Assets/CS - Signs Free/Prefabs/Small/Sign_Merge_L.prefab
  artifactKey: Guid(9fa8e99e1448edb4eb2483eb9b5de030) Importer(815301076,1909f56bfc062723c751e8b465ee728b)
Start importing Assets/CS - Signs Free/Prefabs/Small/Sign_Merge_L.prefab using Guid(9fa8e99e1448edb4eb2483eb9b5de030) Importer(815301076,1909f56bfc062723c751e8b465ee728b)  -> (artifact id: '5aedc08b08214d21b30cc08c39dafea6') in 0.043806 seconds 
========================================================================
Received Import Request.
  Time since last request: 0.000032 seconds.
  path: Assets/CS - Signs Free/Prefabs/Small/Sign_2_Way_Street.prefab
  artifactKey: Guid(c07252de08dfb5941825bea813ba7f99) Importer(815301076,1909f56bfc062723c751e8b465ee728b)
Start importing Assets/CS - Signs Free/Prefabs/Small/Sign_2_Way_Street.prefab using Guid(c07252de08dfb5941825bea813ba7f99) Importer(815301076,1909f56bfc062723c751e8b465ee728b)  -> (artifact id: '8ec470a5df27c4f0d4c43546b5696bf9') in 0.101638 seconds 
========================================================================
Received Import Request.
  Time since last request: 0.000118 seconds.
  path: Assets/CS - Signs Free/Prefabs/Small/Sign_Keep_Right.prefab
  artifactKey: Guid(517af4c490b13d044b1e9df8ab1dddec) Importer(815301076,1909f56bfc062723c751e8b465ee728b)
Start importing Assets/CS - Signs Free/Prefabs/Small/Sign_Keep_Right.prefab using Guid(517af4c490b13d044b1e9df8ab1dddec) Importer(815301076,1909f56bfc062723c751e8b465ee728b)  -> (artifact id: '8b7b060f0ff313a64e82e611e06eef91') in 0.067482 seconds 
========================================================================
Received Import Request.
  Time since last request: 0.000051 seconds.
  path: Assets/CS - Signs Free/Prefabs/Small/Sign_One_Way_R1.prefab
  artifactKey: Guid(cc6e23f1211624244b5365422e8e4d29) Importer(815301076,1909f56bfc062723c751e8b465ee728b)
Start importing Assets/CS - Signs Free/Prefabs/Small/Sign_One_Way_R1.prefab using Guid(cc6e23f1211624244b5365422e8e4d29) Importer(815301076,1909f56bfc062723c751e8b465ee728b)  -> (artifact id: '95ae95f18e6efadcf39eac263b0ae6df') in 0.089188 seconds 
========================================================================
Received Import Request.
  Time since last request: 0.000039 seconds.
  path: Assets/CS - Signs Free/Prefabs/Small/Sign_Slight_Right.prefab
  artifactKey: Guid(4f80c4bb6dd391945b8d858a7d6e8177) Importer(815301076,1909f56bfc062723c751e8b465ee728b)
Start importing Assets/CS - Signs Free/Prefabs/Small/Sign_Slight_Right.prefab using Guid(4f80c4bb6dd391945b8d858a7d6e8177) Importer(815301076,1909f56bfc062723c751e8b465ee728b)  -> (artifact id: '338d1a78bee0c2567214d647071f9b0d') in 0.098628 seconds 
========================================================================
Received Import Request.
  Time since last request: 0.000042 seconds.
  path: Assets/CS - Signs Free/Prefabs/Small/Sign_Forward_or_Right.prefab
  artifactKey: Guid(5133acf3f2e668243891e9b75275588f) Importer(815301076,1909f56bfc062723c751e8b465ee728b)
Start importing Assets/CS - Signs Free/Prefabs/Small/Sign_Forward_or_Right.prefab using Guid(5133acf3f2e668243891e9b75275588f) Importer(815301076,1909f56bfc062723c751e8b465ee728b)  -> (artifact id: '514cc5acac56ff7b302e4e600d21594f') in 0.084136 seconds 
========================================================================
Received Import Request.
  Time since last request: 0.000225 seconds.
  path: Assets/CS - Signs Free/Prefabs/Small/Sign_Do_Not_Enter.prefab
  artifactKey: Guid(ae9b499705b731f4e99c56dd3c40f0ae) Importer(815301076,1909f56bfc062723c751e8b465ee728b)
Start importing Assets/CS - Signs Free/Prefabs/Small/Sign_Do_Not_Enter.prefab using Guid(ae9b499705b731f4e99c56dd3c40f0ae) Importer(815301076,1909f56bfc062723c751e8b465ee728b)  -> (artifact id: '2312c3a1dd7e8a134efbae7dbee19760') in 0.062698 seconds 
========================================================================
Received Import Request.
  Time since last request: 0.000040 seconds.
  path: Assets/CS - Signs Free/Prefabs/Small/Sign_No_Left_Turn.prefab
  artifactKey: Guid(96518d3ab5bb8194a839b2269d9b1abe) Importer(815301076,1909f56bfc062723c751e8b465ee728b)
Start importing Assets/CS - Signs Free/Prefabs/Small/Sign_No_Left_Turn.prefab using Guid(96518d3ab5bb8194a839b2269d9b1abe) Importer(815301076,1909f56bfc062723c751e8b465ee728b)  -> (artifact id: '44798ce661755ceb837527f369634736') in 0.082749 seconds 
========================================================================
Received Import Request.
  Time since last request: 0.000035 seconds.
  path: Assets/CS - Signs Free/Prefabs/Small/Sign_Sharp_RL.prefab
  artifactKey: Guid(9bf4f04f752fb3d4a90aff32d91e9993) Importer(815301076,1909f56bfc062723c751e8b465ee728b)
Start importing Assets/CS - Signs Free/Prefabs/Small/Sign_Sharp_RL.prefab using Guid(9bf4f04f752fb3d4a90aff32d91e9993) Importer(815301076,1909f56bfc062723c751e8b465ee728b)  -> (artifact id: '7885792c9282251387692ac1f6181824') in 0.040563 seconds 
========================================================================
Received Import Request.
  Time since last request: 0.000068 seconds.
  path: Assets/CS - Signs Free/Prefabs/Small/Sign_Roundabout.prefab
  artifactKey: Guid(d01e9beda575dea47aea00105b72afc3) Importer(815301076,1909f56bfc062723c751e8b465ee728b)
Start importing Assets/CS - Signs Free/Prefabs/Small/Sign_Roundabout.prefab using Guid(d01e9beda575dea47aea00105b72afc3) Importer(815301076,1909f56bfc062723c751e8b465ee728b)  -> (artifact id: '3183dd019446274534d7a757a8b75466') in 0.087044 seconds 
========================================================================
Received Import Request.
  Time since last request: 0.000078 seconds.
  path: Assets/CS - Signs Free/Prefabs/Small/Sign_2_Hour_Parking_2.prefab
  artifactKey: Guid(809be4b584cf9964397021645a8e2ca8) Importer(815301076,1909f56bfc062723c751e8b465ee728b)
Start importing Assets/CS - Signs Free/Prefabs/Small/Sign_2_Hour_Parking_2.prefab using Guid(809be4b584cf9964397021645a8e2ca8) Importer(815301076,1909f56bfc062723c751e8b465ee728b)  -> (artifact id: '6095a57c6ebb45c3817d70b4d1521d83') in 0.044776 seconds 
========================================================================
Received Import Request.
  Time since last request: 0.000030 seconds.
  path: Assets/CS - Signs Free/Prefabs/Small/Sign_Center_Lane_Turn_Only.prefab
  artifactKey: Guid(783ae1ccba841764c9080f4783d801a7) Importer(815301076,1909f56bfc062723c751e8b465ee728b)
Start importing Assets/CS - Signs Free/Prefabs/Small/Sign_Center_Lane_Turn_Only.prefab using Guid(783ae1ccba841764c9080f4783d801a7) Importer(815301076,1909f56bfc062723c751e8b465ee728b)  -> (artifact id: '037f2c88b5acd551d2e8a88b81596425') in 0.102062 seconds 
========================================================================
Received Import Request.
  Time since last request: 0.000049 seconds.
  path: Assets/CS - Signs Free/Prefabs/Small/Sign_Dead_End.prefab
  artifactKey: Guid(8d41ed4555777374694b2e7e1e7ffd84) Importer(815301076,1909f56bfc062723c751e8b465ee728b)
Start importing Assets/CS - Signs Free/Prefabs/Small/Sign_Dead_End.prefab using Guid(8d41ed4555777374694b2e7e1e7ffd84) Importer(815301076,1909f56bfc062723c751e8b465ee728b)  -> (artifact id: 'ec2878d3a29514482fe15602695e8811') in 0.079335 seconds 
========================================================================
Received Import Request.
  Time since last request: 0.000050 seconds.
  path: Assets/CS - Signs Free/Prefabs/Small/Sign_Sideroad_T_L.prefab
  artifactKey: Guid(7c61911b61da83c4e9de4f40a442356a) Importer(815301076,1909f56bfc062723c751e8b465ee728b)
Start importing Assets/CS - Signs Free/Prefabs/Small/Sign_Sideroad_T_L.prefab using Guid(7c61911b61da83c4e9de4f40a442356a) Importer(815301076,1909f56bfc062723c751e8b465ee728b)  -> (artifact id: '2bfb97f5432dcf87f2dfe70943d7318c') in 0.077146 seconds 
========================================================================
Received Import Request.
  Time since last request: 0.000083 seconds.
  path: Assets/CS - Signs Free/Prefabs/Small/Sign_Ped_Xing_2.prefab
  artifactKey: Guid(e6bd2f36763840d419c49b992fd1c49b) Importer(815301076,1909f56bfc062723c751e8b465ee728b)
Start importing Assets/CS - Signs Free/Prefabs/Small/Sign_Ped_Xing_2.prefab using Guid(e6bd2f36763840d419c49b992fd1c49b) Importer(815301076,1909f56bfc062723c751e8b465ee728b)  -> (artifact id: '5721b1db1bc87f29a8021ab758e8a3f7') in 0.086778 seconds 
========================================================================
Received Import Request.
  Time since last request: 0.000037 seconds.
  path: Assets/CS - Signs Free/Prefabs/Small/Sign_Left_Lane_Ends_2.prefab
  artifactKey: Guid(b2fdf9fe663841b49b2559360d22a104) Importer(815301076,1909f56bfc062723c751e8b465ee728b)
Start importing Assets/CS - Signs Free/Prefabs/Small/Sign_Left_Lane_Ends_2.prefab using Guid(b2fdf9fe663841b49b2559360d22a104) Importer(815301076,1909f56bfc062723c751e8b465ee728b)  -> (artifact id: 'a2ca3d826d487c891f24f42c09a0caf4') in 0.086714 seconds 
========================================================================
Received Import Request.
  Time since last request: 0.000036 seconds.
  path: Assets/CS - Signs Free/Prefabs/Small/Sign_No_U_Turn.prefab
  artifactKey: Guid(639e814eaf3695b48b84ad424e278d95) Importer(815301076,1909f56bfc062723c751e8b465ee728b)
Start importing Assets/CS - Signs Free/Prefabs/Small/Sign_No_U_Turn.prefab using Guid(639e814eaf3695b48b84ad424e278d95) Importer(815301076,1909f56bfc062723c751e8b465ee728b)  -> (artifact id: '66e42acf01c2cb037ee026ac344d7c42') in 0.038981 seconds 
========================================================================
Received Import Request.
  Time since last request: 0.000048 seconds.
  path: Assets/CS - Signs Free/Prefabs/Small/Sign_LR.prefab
  artifactKey: Guid(d0aafdd5afa70f446a25d12ea06958a3) Importer(815301076,1909f56bfc062723c751e8b465ee728b)
Start importing Assets/CS - Signs Free/Prefabs/Small/Sign_LR.prefab using Guid(d0aafdd5afa70f446a25d12ea06958a3) Importer(815301076,1909f56bfc062723c751e8b465ee728b)  -> (artifact id: 'c663544647b4f8ca0c2f772155e17160') in 0.058753 seconds 
========================================================================
Received Import Request.
  Time since last request: 0.000100 seconds.
  path: Assets/CS - Signs Free/Prefabs/Sm-Med/Sign_No_Right_Turn.prefab
  artifactKey: Guid(052ae24a20e21554585b3c80c6488182) Importer(815301076,1909f56bfc062723c751e8b465ee728b)
Start importing Assets/CS - Signs Free/Prefabs/Sm-Med/Sign_No_Right_Turn.prefab using Guid(052ae24a20e21554585b3c80c6488182) Importer(815301076,1909f56bfc062723c751e8b465ee728b)  -> (artifact id: '566dd32cee4ef8d2320dec5bc5dbd41a') in 0.042869 seconds 
========================================================================
Received Import Request.
  Time since last request: 0.000031 seconds.
  path: Assets/CS - Signs Free/Prefabs/Small/Sign_Left_Turn_Only.prefab
  artifactKey: Guid(1bd4dcedf1bd78b49b44bbd925882374) Importer(815301076,1909f56bfc062723c751e8b465ee728b)
Start importing Assets/CS - Signs Free/Prefabs/Small/Sign_Left_Turn_Only.prefab using Guid(1bd4dcedf1bd78b49b44bbd925882374) Importer(815301076,1909f56bfc062723c751e8b465ee728b)  -> (artifact id: '3fb0eb6dd7d0bd5c2474dc76692bde3d') in 0.054779 seconds 
========================================================================
Received Import Request.
  Time since last request: 0.000055 seconds.
  path: Assets/CS - Signs Free/Prefabs/Small/Sign_Divided_Highway.prefab
  artifactKey: Guid(532bf43f3289fd9438e97dbe3cc6eedc) Importer(815301076,1909f56bfc062723c751e8b465ee728b)
Start importing Assets/CS - Signs Free/Prefabs/Small/Sign_Divided_Highway.prefab using Guid(532bf43f3289fd9438e97dbe3cc6eedc) Importer(815301076,1909f56bfc062723c751e8b465ee728b)  -> (artifact id: '37d0534856704cd2d6c1e2dd79ce2055') in 0.107015 seconds 
========================================================================
Received Import Request.
  Time since last request: 0.000059 seconds.
  path: Assets/CS - Signs Free/Prefabs/Small/Sign_Left_Turn_Yield_On_Green.prefab
  artifactKey: Guid(89563ec33d60aff4ea4e2b936161fc8f) Importer(815301076,1909f56bfc062723c751e8b465ee728b)
Start importing Assets/CS - Signs Free/Prefabs/Small/Sign_Left_Turn_Yield_On_Green.prefab using Guid(89563ec33d60aff4ea4e2b936161fc8f) Importer(815301076,1909f56bfc062723c751e8b465ee728b)  -> (artifact id: 'e83eac3d5dded872cca53ab70cf6e6e3') in 0.076094 seconds 
========================================================================
Received Import Request.
  Time since last request: 0.000051 seconds.
  path: Assets/CS - Signs Free/Prefabs/Sm-Med/Sign_LR.prefab
  artifactKey: Guid(330206d07eea04b419dab1ac0eb8e569) Importer(815301076,1909f56bfc062723c751e8b465ee728b)
Start importing Assets/CS - Signs Free/Prefabs/Sm-Med/Sign_LR.prefab using Guid(330206d07eea04b419dab1ac0eb8e569) Importer(815301076,1909f56bfc062723c751e8b465ee728b)  -> (artifact id: '42560666d3d0e384118c0ee7d0d9a167') in 0.050609 seconds 
========================================================================
Received Import Request.
  Time since last request: 0.000089 seconds.
  path: Assets/CS - Signs Free/Prefabs/Sm-Med/Sign_Left_Lane_Ends_2.prefab
  artifactKey: Guid(fe623af42e4ca964089d01a1e2aa2949) Importer(815301076,1909f56bfc062723c751e8b465ee728b)
Start importing Assets/CS - Signs Free/Prefabs/Sm-Med/Sign_Left_Lane_Ends_2.prefab using Guid(fe623af42e4ca964089d01a1e2aa2949) Importer(815301076,1909f56bfc062723c751e8b465ee728b)  -> (artifact id: '3f75d1b7afac10c630db537fd5f7b81d') in 0.038758 seconds 
========================================================================
Received Import Request.
  Time since last request: 0.000037 seconds.
  path: Assets/CS - Signs Free/Prefabs/Sm-Med/Sign_Keep_Left.prefab
  artifactKey: Guid(82a5fb2a7c40fa042af6d914b299053b) Importer(815301076,1909f56bfc062723c751e8b465ee728b)
Start importing Assets/CS - Signs Free/Prefabs/Sm-Med/Sign_Keep_Left.prefab using Guid(82a5fb2a7c40fa042af6d914b299053b) Importer(815301076,1909f56bfc062723c751e8b465ee728b)  -> (artifact id: '8735f9f8b15632ae461858cda54d39c6') in 0.077828 seconds 
========================================================================
Received Import Request.
  Time since last request: 0.000056 seconds.
  path: Assets/CS - Signs Free/Prefabs/Small/Sign_Sideroad_T_R.prefab
  artifactKey: Guid(66f6cf46827e4f748b70873c26b1d870) Importer(815301076,1909f56bfc062723c751e8b465ee728b)
Start importing Assets/CS - Signs Free/Prefabs/Small/Sign_Sideroad_T_R.prefab using Guid(66f6cf46827e4f748b70873c26b1d870) Importer(815301076,1909f56bfc062723c751e8b465ee728b)  -> (artifact id: 'bdc21b38a0808ac617abec61687a28c2') in 0.040899 seconds 
========================================================================
Received Import Request.
  Time since last request: 0.000042 seconds.
  path: Assets/CS - Signs Free/Prefabs/Small/Sign_Merge.prefab
  artifactKey: Guid(42895cee220f866488c721ad1edc65c4) Importer(815301076,1909f56bfc062723c751e8b465ee728b)
Start importing Assets/CS - Signs Free/Prefabs/Small/Sign_Merge.prefab using Guid(42895cee220f866488c721ad1edc65c4) Importer(815301076,1909f56bfc062723c751e8b465ee728b)  -> (artifact id: '6c1b82602b33c858ec55b2b54ccb37c6') in 0.113122 seconds 
========================================================================
Received Import Request.
  Time since last request: 0.000070 seconds.
  path: Assets/CS - Signs Free/Prefabs/Small/Sign_One_Way_L1.prefab
  artifactKey: Guid(259cc5fc1bc05f4448271d6742844d72) Importer(815301076,1909f56bfc062723c751e8b465ee728b)
Start importing Assets/CS - Signs Free/Prefabs/Small/Sign_One_Way_L1.prefab using Guid(259cc5fc1bc05f4448271d6742844d72) Importer(815301076,1909f56bfc062723c751e8b465ee728b)  -> (artifact id: 'a70a7a4b53f58eab0f981e2a6bed5970') in 0.090448 seconds 
========================================================================
Received Import Request.
  Time since last request: 0.000052 seconds.
  path: Assets/CS - Signs Free/Prefabs/Small/Tab_Ahead.prefab
  artifactKey: Guid(d6c04d66b6559c643a9fb9f9b7f36e5b) Importer(815301076,1909f56bfc062723c751e8b465ee728b)
Start importing Assets/CS - Signs Free/Prefabs/Small/Tab_Ahead.prefab using Guid(d6c04d66b6559c643a9fb9f9b7f36e5b) Importer(815301076,1909f56bfc062723c751e8b465ee728b)  -> (artifact id: '88b6675195f0fee67c7cb18030e5cfa0') in 0.092153 seconds 
========================================================================
Received Import Request.
  Time since last request: 0.000044 seconds.
  path: Assets/CS - Signs Free/Prefabs/Small/St_Airport_Way.prefab
  artifactKey: Guid(00b87a72305d5144aa9ea1f47f04c691) Importer(815301076,1909f56bfc062723c751e8b465ee728b)
Start importing Assets/CS - Signs Free/Prefabs/Small/St_Airport_Way.prefab using Guid(00b87a72305d5144aa9ea1f47f04c691) Importer(815301076,1909f56bfc062723c751e8b465ee728b)  -> (artifact id: '51290a9b2ceb633dd0b6f6f60f8c0a25') in 0.040049 seconds 
========================================================================
Received Import Request.
  Time since last request: 0.000037 seconds.
  path: Assets/CS - Signs Free/Prefabs/Small/Sign_Speed_55.prefab
  artifactKey: Guid(c2bec125be5be4c44aebb3a6c7f2bb75) Importer(815301076,1909f56bfc062723c751e8b465ee728b)
Start importing Assets/CS - Signs Free/Prefabs/Small/Sign_Speed_55.prefab using Guid(c2bec125be5be4c44aebb3a6c7f2bb75) Importer(815301076,1909f56bfc062723c751e8b465ee728b)  -> (artifact id: 'bdbcb1ddd2765002b8a28f2165eeb1cd') in 0.083362 seconds 
========================================================================
Received Import Request.
  Time since last request: 0.000029 seconds.
  path: Assets/CS - Signs Free/Prefabs/Small/Sign_Speed_70.prefab
  artifactKey: Guid(f8849b303279a574d947c2c75229471e) Importer(815301076,1909f56bfc062723c751e8b465ee728b)
Start importing Assets/CS - Signs Free/Prefabs/Small/Sign_Speed_70.prefab using Guid(f8849b303279a574d947c2c75229471e) Importer(815301076,1909f56bfc062723c751e8b465ee728b)  -> (artifact id: '297530bde5d055d5bbab49c44d4ac7d8') in 0.043264 seconds 
========================================================================
Received Import Request.
  Time since last request: 0.000031 seconds.
  path: Assets/CS - Signs Free/Prefabs/Small/Tab_Arrow_Diagonal_R.prefab
  artifactKey: Guid(b77a06a460246824885318fc6e032430) Importer(815301076,1909f56bfc062723c751e8b465ee728b)
Start importing Assets/CS - Signs Free/Prefabs/Small/Tab_Arrow_Diagonal_R.prefab using Guid(b77a06a460246824885318fc6e032430) Importer(815301076,1909f56bfc062723c751e8b465ee728b)  -> (artifact id: 'e5764fb035b798208a31ce5345e9573f') in 0.073770 seconds 
========================================================================
Received Import Request.
  Time since last request: 0.000069 seconds.
  path: Assets/CS - Signs Free/Prefabs/Small/SignPost_2.prefab
  artifactKey: Guid(58a631588acc2ca448fa0912885cfcfb) Importer(815301076,1909f56bfc062723c751e8b465ee728b)
Start importing Assets/CS - Signs Free/Prefabs/Small/SignPost_2.prefab using Guid(58a631588acc2ca448fa0912885cfcfb) Importer(815301076,1909f56bfc062723c751e8b465ee728b)  -> (artifact id: 'beb30d9dc6ca7e30479a7aef8448d557') in 0.033111 seconds 
========================================================================
Received Import Request.
  Time since last request: 0.000046 seconds.
  path: Assets/CS - Signs Free/Prefabs/Small/St_Main.prefab
  artifactKey: Guid(2fdd5bf06f40bbf4fb7f18eaee657eea) Importer(815301076,1909f56bfc062723c751e8b465ee728b)
Start importing Assets/CS - Signs Free/Prefabs/Small/St_Main.prefab using Guid(2fdd5bf06f40bbf4fb7f18eaee657eea) Importer(815301076,1909f56bfc062723c751e8b465ee728b)  -> (artifact id: '74788cc74f3b308a9fbb3fe3d3da4fd5') in 0.072200 seconds 
========================================================================
Received Import Request.
  Time since last request: 0.000035 seconds.
  path: Assets/CS - Signs Free/Prefabs/Small/Tab_Speed_45.prefab
  artifactKey: Guid(cbf06983a12daf245b64a49f115be1cc) Importer(815301076,1909f56bfc062723c751e8b465ee728b)
Start importing Assets/CS - Signs Free/Prefabs/Small/Tab_Speed_45.prefab using Guid(cbf06983a12daf245b64a49f115be1cc) Importer(815301076,1909f56bfc062723c751e8b465ee728b)  -> (artifact id: '8ae018b0784b9fb6596ae9946386a42c') in 0.039742 seconds 
========================================================================
Received Import Request.
  Time since last request: 0.000041 seconds.
  path: Assets/CS - Signs Free/Prefabs/Small/Sign_Yield.prefab
  artifactKey: Guid(eb0ab8fd899d39642b80eab6b17b2b9d) Importer(815301076,1909f56bfc062723c751e8b465ee728b)
Start importing Assets/CS - Signs Free/Prefabs/Small/Sign_Yield.prefab using Guid(eb0ab8fd899d39642b80eab6b17b2b9d) Importer(815301076,1909f56bfc062723c751e8b465ee728b)  -> (artifact id: 'a38274d999d082b9dcd0197fbf2889f6') in 0.067350 seconds 
========================================================================
Received Import Request.
  Time since last request: 78.301443 seconds.
  path: Assets/New Terrain.asset
  artifactKey: Guid(44c97147c1f1f6242aae647330d851cf) Importer(815301076,1909f56bfc062723c751e8b465ee728b)
Start importing Assets/New Terrain.asset using Guid(44c97147c1f1f6242aae647330d851cf) Importer(815301076,1909f56bfc062723c751e8b465ee728b)  -> (artifact id: '2122fc5bad0739904559e7f8dd236567') in 0.071398 seconds 
========================================================================
Received Import Request.
  Time since last request: 24.352600 seconds.
  path: Assets/Assets/New Terrain 1.asset
  artifactKey: Guid(0cd21516ba25891429faff781548c326) Importer(815301076,1909f56bfc062723c751e8b465ee728b)
Start importing Assets/Assets/New Terrain 1.asset using Guid(0cd21516ba25891429faff781548c326) Importer(815301076,1909f56bfc062723c751e8b465ee728b)  -> (artifact id: '1dd9870d1aa4f4eab2896b793d6d8b60') in 0.108671 seconds 
========================================================================
Received Import Request.
  Time since last request: 5.119067 seconds.
  path: Assets/Assets/Teleportation Pad
  artifactKey: Guid(6f9d7c227b2f7b144909c9be178c68d3) Importer(815301076,1909f56bfc062723c751e8b465ee728b)
Start importing Assets/Assets/Teleportation Pad using Guid(6f9d7c227b2f7b144909c9be178c68d3) Importer(815301076,1909f56bfc062723c751e8b465ee728b)  -> (artifact id: '9f4603b1ba4fc0dd531e4cf0048bd5f5') in 0.024889 seconds 
========================================================================
Received Import Request.
  Time since last request: 2.109611 seconds.
  path: Assets/Assets/Teleportation Pad/Prefabs
  artifactKey: Guid(7e18d6994929ee042a13009e2fb633f3) Importer(815301076,1909f56bfc062723c751e8b465ee728b)
Start importing Assets/Assets/Teleportation Pad/Prefabs using Guid(7e18d6994929ee042a13009e2fb633f3) Importer(815301076,1909f56bfc062723c751e8b465ee728b)  -> (artifact id: '3707aee1c7665b1dbdf71f9d8da2bf97') in 0.025685 seconds 
========================================================================
Received Import Request.
  Time since last request: 5.836808 seconds.
  path: Assets/Assets/Teleportation Pad/Materials
  artifactKey: Guid(166861bebba64c24397ef939d9fa5774) Importer(815301076,1909f56bfc062723c751e8b465ee728b)
Start importing Assets/Assets/Teleportation Pad/Materials using Guid(166861bebba64c24397ef939d9fa5774) Importer(815301076,1909f56bfc062723c751e8b465ee728b)  -> (artifact id: 'e959889a73192c979d868351fc365502') in 0.024873 seconds 
========================================================================
Received Import Request.
  Time since last request: 0.000059 seconds.
  path: Assets/Assets/Teleportation Pad/Materials/NM v2.mat
  artifactKey: Guid(a8fbc49129481d14985afa7f77c72a8b) Importer(815301076,1909f56bfc062723c751e8b465ee728b)
Start importing Assets/Assets/Teleportation Pad/Materials/NM v2.mat using Guid(a8fbc49129481d14985afa7f77c72a8b) Importer(815301076,1909f56bfc062723c751e8b465ee728b)  -> (artifact id: 'ed576092780168f514706b4bbc3d2e3c') in 0.134226 seconds 
========================================================================
Received Import Request.
  Time since last request: 0.000053 seconds.
  path: Assets/Assets/Teleportation Pad/Materials/Teleporter Pad D.mat
  artifactKey: Guid(0a98ac2bbbdc0e945a764d50c057ec36) Importer(815301076,1909f56bfc062723c751e8b465ee728b)
Start importing Assets/Assets/Teleportation Pad/Materials/Teleporter Pad D.mat using Guid(0a98ac2bbbdc0e945a764d50c057ec36) Importer(815301076,1909f56bfc062723c751e8b465ee728b)  -> (artifact id: '2c25a2cb12735ebcf468929daaf2e90e') in 0.108928 seconds 
========================================================================
Received Import Request.
  Time since last request: 0.000047 seconds.
  path: Assets/Assets/Teleportation Pad/Materials/Teleporter Pad B.mat
  artifactKey: Guid(db830f37f99471547935f7c7b599cce0) Importer(815301076,1909f56bfc062723c751e8b465ee728b)
Start importing Assets/Assets/Teleportation Pad/Materials/Teleporter Pad B.mat using Guid(db830f37f99471547935f7c7b599cce0) Importer(815301076,1909f56bfc062723c751e8b465ee728b)  -> (artifact id: '4e98bb301a0ce8a5401297410f5342ed') in 0.074468 seconds 
========================================================================
Received Import Request.
  Time since last request: 0.000091 seconds.
  path: Assets/Assets/Teleportation Pad/Materials/Teleporter Pad C.mat
  artifactKey: Guid(fcd57443fdc0e4044b6b46f692851f44) Importer(815301076,1909f56bfc062723c751e8b465ee728b)
Start importing Assets/Assets/Teleportation Pad/Materials/Teleporter Pad C.mat using Guid(fcd57443fdc0e4044b6b46f692851f44) Importer(815301076,1909f56bfc062723c751e8b465ee728b)  -> (artifact id: 'fe1937fbeb6663282b5530c0264682e4') in 0.098115 seconds 
========================================================================
Received Import Request.
  Time since last request: 0.000064 seconds.
  path: Assets/Assets/Teleportation Pad/Materials/Teleporter Pad E.mat
  artifactKey: Guid(fe4c44646c3ab30488a0cecc879f6667) Importer(815301076,1909f56bfc062723c751e8b465ee728b)
Start importing Assets/Assets/Teleportation Pad/Materials/Teleporter Pad E.mat using Guid(fe4c44646c3ab30488a0cecc879f6667) Importer(815301076,1909f56bfc062723c751e8b465ee728b)  -> (artifact id: '7ab8ee7f21bcb34335bce3f2edc981bc') in 0.049939 seconds 
========================================================================
Received Import Request.
  Time since last request: 2.602804 seconds.
  path: Assets/Assets/Teleportation Pad/Model
  artifactKey: Guid(f1f467f8387426248ada08f85860f431) Importer(815301076,1909f56bfc062723c751e8b465ee728b)
Start importing Assets/Assets/Teleportation Pad/Model using Guid(f1f467f8387426248ada08f85860f431) Importer(815301076,1909f56bfc062723c751e8b465ee728b)  -> (artifact id: '69aa1d4d7f272402fee0f949935ae5ab') in 0.029667 seconds 
========================================================================
Received Import Request.
  Time since last request: 0.005606 seconds.
  path: Assets/Assets/Teleportation Pad/Model/Teleporter Pad fbx.fbx
  artifactKey: Guid(da35992fbe2e75d40b634d87d754fd41) Importer(815301076,1909f56bfc062723c751e8b465ee728b)
Start importing Assets/Assets/Teleportation Pad/Model/Teleporter Pad fbx.fbx using Guid(da35992fbe2e75d40b634d87d754fd41) Importer(815301076,1909f56bfc062723c751e8b465ee728b)  -> (artifact id: '4999c1480ee351068f39d4d2058734ba') in 0.123781 seconds 
========================================================================
Received Import Request.
  Time since last request: 9.269462 seconds.
  path: Assets/Assets/Teleportation Pad/Model/Teleporter Pad .blend
  artifactKey: Guid(637fd5e99de3e6f47911bb949a7d5c9a) Importer(815301076,1909f56bfc062723c751e8b465ee728b)
Start importing Assets/Assets/Teleportation Pad/Model/Teleporter Pad .blend using Guid(637fd5e99de3e6f47911bb949a7d5c9a) Importer(815301076,1909f56bfc062723c751e8b465ee728b)  -> (artifact id: 'ca94a43ec3dc97b936def723bf7246fe') in 0.026263 seconds 
========================================================================
Received Import Request.
  Time since last request: 5.577794 seconds.
  path: Assets/Assets/Teleportation Pad/Model/Materials
  artifactKey: Guid(acd7f4e2d11ddd14eaf4fe8e69aa00d3) Importer(815301076,1909f56bfc062723c751e8b465ee728b)
Start importing Assets/Assets/Teleportation Pad/Model/Materials using Guid(acd7f4e2d11ddd14eaf4fe8e69aa00d3) Importer(815301076,1909f56bfc062723c751e8b465ee728b)  -> (artifact id: 'a94c7276fa973cc019fe666dd2d20e11') in 0.017296 seconds 
========================================================================
Received Import Request.
  Time since last request: 0.018212 seconds.
  path: Assets/Assets/Teleportation Pad/Model/Materials/Teleporter Pad UV.mat
  artifactKey: Guid(13c6108f166616d4fb2b129ef9a32548) Importer(815301076,1909f56bfc062723c751e8b465ee728b)
Start importing Assets/Assets/Teleportation Pad/Model/Materials/Teleporter Pad UV.mat using Guid(13c6108f166616d4fb2b129ef9a32548) Importer(815301076,1909f56bfc062723c751e8b465ee728b)  -> (artifact id: '6927336a669353aa4cb476961e3afcd4') in 0.045826 seconds 
========================================================================
Received Import Request.
  Time since last request: 203.369082 seconds.
  path: Assets/Assets/Teleportation Pad/Textures
  artifactKey: Guid(e204d51e5009db042becec6f16384af7) Importer(815301076,1909f56bfc062723c751e8b465ee728b)
Start importing Assets/Assets/Teleportation Pad/Textures using Guid(e204d51e5009db042becec6f16384af7) Importer(815301076,1909f56bfc062723c751e8b465ee728b)  -> (artifact id: '24e6f15ad130575ec3d8f26aa7c21933') in 0.028311 seconds 
========================================================================
Received Import Request.
  Time since last request: 0.000045 seconds.
  path: Assets/Assets/Teleportation Pad/Textures/Teleporter Pad Texture C.png
  artifactKey: Guid(b5ba88abeed936844954724d0311c97a) Importer(815301076,1909f56bfc062723c751e8b465ee728b)
Start importing Assets/Assets/Teleportation Pad/Textures/Teleporter Pad Texture C.png using Guid(b5ba88abeed936844954724d0311c97a) Importer(815301076,1909f56bfc062723c751e8b465ee728b)  -> (artifact id: '930ebd7780076d4f476ee4e463349ca7') in 0.101681 seconds 
========================================================================
Received Import Request.
  Time since last request: 0.000080 seconds.
  path: Assets/Assets/Teleportation Pad/Textures/Teleporter Pad Texture E.png
  artifactKey: Guid(a232bae2fb6bc554588c113f23819f14) Importer(815301076,1909f56bfc062723c751e8b465ee728b)
Start importing Assets/Assets/Teleportation Pad/Textures/Teleporter Pad Texture E.png using Guid(a232bae2fb6bc554588c113f23819f14) Importer(815301076,1909f56bfc062723c751e8b465ee728b)  -> (artifact id: '595e8f169f96ba95733dfacb843e1138') in 0.077665 seconds 
========================================================================
Received Import Request.
  Time since last request: 0.000048 seconds.
  path: Assets/Assets/Teleportation Pad/Textures/Teleporter Pad Texture B.png
  artifactKey: Guid(4317d3aafb47be1448ffd627e2c73f3f) Importer(815301076,1909f56bfc062723c751e8b465ee728b)
Start importing Assets/Assets/Teleportation Pad/Textures/Teleporter Pad Texture B.png using Guid(4317d3aafb47be1448ffd627e2c73f3f) Importer(815301076,1909f56bfc062723c751e8b465ee728b)  -> (artifact id: 'e10a9a793a4dd380c3a59223cfdd29d6') in 0.045129 seconds 
========================================================================
Received Import Request.
  Time since last request: 0.000191 seconds.
  path: Assets/Assets/Teleportation Pad/Textures/ShockWave.psd
  artifactKey: Guid(e12f8e30c9a7e49a589559cf53454a29) Importer(815301076,1909f56bfc062723c751e8b465ee728b)
Start importing Assets/Assets/Teleportation Pad/Textures/ShockWave.psd using Guid(e12f8e30c9a7e49a589559cf53454a29) Importer(815301076,1909f56bfc062723c751e8b465ee728b)  -> (artifact id: '5d114f653a57b392846dad5bf111762c') in 0.088210 seconds 
========================================================================
Received Import Request.
  Time since last request: 0.000041 seconds.
  path: Assets/Assets/Teleportation Pad/Textures/Teleporter Pad Texture D.png
  artifactKey: Guid(3af0a13565062344e89f53ffa5992ef9) Importer(815301076,1909f56bfc062723c751e8b465ee728b)
Start importing Assets/Assets/Teleportation Pad/Textures/Teleporter Pad Texture D.png using Guid(3af0a13565062344e89f53ffa5992ef9) Importer(815301076,1909f56bfc062723c751e8b465ee728b)  -> (artifact id: '5024823ee6206063289824ad280b0bcc') in 0.067276 seconds 
========================================================================
Received Import Request.
  Time since last request: 322.696373 seconds.
  path: Assets/Scenes/MiniWelt.unity
  artifactKey: Guid(bd47516a33f628d4eb569301adb1a821) Importer(815301076,1909f56bfc062723c751e8b465ee728b)
Start importing Assets/Scenes/MiniWelt.unity using Guid(bd47516a33f628d4eb569301adb1a821) Importer(815301076,1909f56bfc062723c751e8b465ee728b)  -> (artifact id: '9ce75d40cb68fcbe015b99f66a6a183d') in 0.037339 seconds 
