Using pre-set license
Built from '2021.3/staging' branch; Version is '2021.3.4f1 (cb45f9cae8b7) revision 13321721'; Using compiler version '192829333'; Build Type 'Release'
OS: 'Windows 10  (10.0.19043) 64bit Core' Language: 'de' Physical Memory: 8108 MB
BatchMode: 1, IsHumanControllingUs: 0, StartBugReporterOnCrash: 0, Is64bit: 1, IsPro: 1

COMMAND LINE ARGUMENTS:
C:\Program Files\Unity\Hub\Editor\2021.3.4f1\Editor\Unity.exe
-adb2
-batchMode
-noUpm
-name
AssetImportWorker2
-projectPath
C:/Users/iscia/Documents/SS 22/Unity/finding_home-unity_final
-logFile
Logs/AssetImportWorker2.log
-srvPort
58933
Successfully changed project path to: C:/Users/iscia/Documents/SS 22/Unity/finding_home-unity_final
C:/Users/iscia/Documents/SS 22/Unity/finding_home-unity_final
[UnityMemory] Configuration Parameters - Can be set up in boot.config
    "memorysetup-bucket-allocator-granularity=16"
    "memorysetup-bucket-allocator-bucket-count=8"
    "memorysetup-bucket-allocator-block-size=33554432"
    "memorysetup-bucket-allocator-block-count=8"
    "memorysetup-main-allocator-block-size=16777216"
    "memorysetup-thread-allocator-block-size=16777216"
    "memorysetup-gfx-main-allocator-block-size=16777216"
    "memorysetup-gfx-thread-allocator-block-size=16777216"
    "memorysetup-cache-allocator-block-size=4194304"
    "memorysetup-typetree-allocator-block-size=2097152"
    "memorysetup-profiler-bucket-allocator-granularity=16"
    "memorysetup-profiler-bucket-allocator-bucket-count=8"
    "memorysetup-profiler-bucket-allocator-block-size=33554432"
    "memorysetup-profiler-bucket-allocator-block-count=8"
    "memorysetup-profiler-allocator-block-size=16777216"
    "memorysetup-profiler-editor-allocator-block-size=1048576"
    "memorysetup-temp-allocator-size-main=16777216"
    "memorysetup-job-temp-allocator-block-size=2097152"
    "memorysetup-job-temp-allocator-block-size-background=1048576"
    "memorysetup-job-temp-allocator-reduction-small-platforms=262144"
    "memorysetup-temp-allocator-size-background-worker=32768"
    "memorysetup-temp-allocator-size-job-worker=262144"
    "memorysetup-temp-allocator-size-preload-manager=33554432"
    "memorysetup-temp-allocator-size-nav-mesh-worker=65536"
    "memorysetup-temp-allocator-size-audio-worker=65536"
    "memorysetup-temp-allocator-size-cloud-worker=32768"
    "memorysetup-temp-allocator-size-gi-baking-worker=262144"
    "memorysetup-temp-allocator-size-gfx=262144"
Refreshing native plugins compatible for Editor in 401.21 ms, found 3 plugins.
Preloading 0 native plugins for Editor in 0.00 ms.
Initialize engine version: 2021.3.4f1 (cb45f9cae8b7)
[Subsystems] Discovering subsystems at path C:/Program Files/Unity/Hub/Editor/2021.3.4f1/Editor/Data/Resources/UnitySubsystems
[Subsystems] Discovering subsystems at path C:/Users/iscia/Documents/SS 22/Unity/finding_home-unity_final/Assets
GfxDevice: creating device client; threaded=0; jobified=0
Direct3D:
    Version:  Direct3D 11.0 [level 11.1]
    Renderer: Intel(R) HD Graphics 520 (ID=0x1916)
    Vendor:   Intel
    VRAM:     4054 MB
    Driver:   26.20.100.7925
Initialize mono
Mono path[0] = 'C:/Program Files/Unity/Hub/Editor/2021.3.4f1/Editor/Data/Managed'
Mono path[1] = 'C:/Program Files/Unity/Hub/Editor/2021.3.4f1/Editor/Data/MonoBleedingEdge/lib/mono/unityjit-win32'
Mono config path = 'C:/Program Files/Unity/Hub/Editor/2021.3.4f1/Editor/Data/MonoBleedingEdge/etc'
Using monoOptions --debugger-agent=transport=dt_socket,embedding=1,server=y,suspend=n,address=127.0.0.1:56072
Begin MonoManager ReloadAssembly
Registering precompiled unity dll's ...
Register platform support module: C:/Program Files/Unity/Hub/Editor/2021.3.4f1/Editor/Data/PlaybackEngines/WindowsStandaloneSupport/UnityEditor.WindowsStandalone.Extensions.dll
Registered in 0.040401 seconds.
Native extension for WindowsStandalone target not found
Refreshing native plugins compatible for Editor in 417.29 ms, found 3 plugins.
Preloading 0 native plugins for Editor in 0.00 ms.
Mono: successfully reloaded assembly
- Completed reload, in  3.539 seconds
Domain Reload Profiling:
	ReloadAssembly (3540ms)
		BeginReloadAssembly (319ms)
			ExecutionOrderSort (0ms)
			DisableScriptedObjects (0ms)
			BackupInstance (0ms)
			ReleaseScriptingObjects (0ms)
			CreateAndSetChildDomain (3ms)
		EndReloadAssembly (2753ms)
			LoadAssemblies (306ms)
			RebuildTransferFunctionScriptingTraits (0ms)
			SetupTypeCache (847ms)
			ReleaseScriptCaches (0ms)
			RebuildScriptCaches (114ms)
			SetupLoadedEditorAssemblies (1605ms)
				LogAssemblyErrors (0ms)
				InitializePlatformSupportModulesInManaged (34ms)
				SetLoadedEditorAssemblies (1ms)
				RefreshPlugins (418ms)
				BeforeProcessingInitializeOnLoad (4ms)
				ProcessInitializeOnLoadAttributes (955ms)
				ProcessInitializeOnLoadMethodAttributes (194ms)
				AfterProcessingInitializeOnLoad (0ms)
				EditorAssembliesLoaded (0ms)
			ExecutionOrderSort2 (0ms)
			AwakeInstancesAfterBackupRestoration (0ms)
Platform modules already initialized, skipping
Registering precompiled user dll's ...
Registered in 0.036383 seconds.
Begin MonoManager ReloadAssembly
Symbol file LoadedFromMemory doesn't match image C:\Users\iscia\Documents\SS 22\Unity\finding_home-unity_final\Library\PackageCache\com.unity.visualscripting@1.7.8\Editor\VisualScripting.Core\Dependencies\YamlDotNet\Unity.VisualScripting.YamlDotNet.dll
Symbol file LoadedFromMemory doesn't match image C:\Users\iscia\Documents\SS 22\Unity\finding_home-unity_final\Library\PackageCache\com.unity.visualscripting@1.7.8\Editor\VisualScripting.Core\Dependencies\DotNetZip\Unity.VisualScripting.IonicZip.dll
Native extension for WindowsStandalone target not found
Refreshing native plugins compatible for Editor in 1.71 ms, found 3 plugins.
Preloading 0 native plugins for Editor in 0.00 ms.
Mono: successfully reloaded assembly
- Completed reload, in  4.679 seconds
Domain Reload Profiling:
	ReloadAssembly (4681ms)
		BeginReloadAssembly (500ms)
			ExecutionOrderSort (0ms)
			DisableScriptedObjects (22ms)
			BackupInstance (0ms)
			ReleaseScriptingObjects (0ms)
			CreateAndSetChildDomain (63ms)
		EndReloadAssembly (3650ms)
			LoadAssemblies (402ms)
			RebuildTransferFunctionScriptingTraits (0ms)
			SetupTypeCache (1271ms)
			ReleaseScriptCaches (1ms)
			RebuildScriptCaches (170ms)
			SetupLoadedEditorAssemblies (1718ms)
				LogAssemblyErrors (0ms)
				InitializePlatformSupportModulesInManaged (21ms)
				SetLoadedEditorAssemblies (1ms)
				RefreshPlugins (2ms)
				BeforeProcessingInitializeOnLoad (331ms)
				ProcessInitializeOnLoadAttributes (1129ms)
				ProcessInitializeOnLoadMethodAttributes (163ms)
				AfterProcessingInitializeOnLoad (71ms)
				EditorAssembliesLoaded (0ms)
			ExecutionOrderSort2 (0ms)
			AwakeInstancesAfterBackupRestoration (34ms)
Platform modules already initialized, skipping
========================================================================
Worker process is ready to serve import requests
Launched and connected shader compiler UnityShaderCompiler.exe after 0.27 seconds
Refreshing native plugins compatible for Editor in 1.87 ms, found 3 plugins.
Preloading 0 native plugins for Editor in 0.00 ms.
Unloading 3400 Unused Serialized files (Serialized files now loaded: 0)
Unloading 27 unused Assets / (113.0 KB). Loaded Objects now: 3891.
Memory consumption went from 144.6 MB to 144.5 MB.
Total: 8.761100 ms (FindLiveObjects: 0.515200 ms CreateObjectMapping: 0.446200 ms MarkObjects: 7.447600 ms  DeleteObjects: 0.347500 ms)

AssetImportParameters requested are different than current active one (requested -> active):
  custom:video-decoder-ogg-theora: a1e56fd34408186e4bbccfd4996cb3dc -> 
  custom:container-muxer-webm: aa71ff27fc2769a1b78a27578f13a17b -> 
  custom:container-demuxer-webm: 4f35f7cbe854078d1ac9338744f61a02 -> 
  custom:video-encoder-webm-vp8: eb34c28f22e8b96e1ab97ce403110664 -> 
  custom:audio-encoder-webm-vorbis: bf7c407c2cedff20999df2af8eb42d56 -> 
  custom:framework-win-MediaFoundation: 216162199b28c13a410421893ffa2e32 -> 
  custom:container-demuxer-ogg: 62fdf1f143b41e24485cea50d1cbac27 -> 
  custom:video-decoder-webm-vp8: 9c59270c3fd7afecdb556c50c9e8de78 -> 
  custom:audio-decoder-ogg-vorbis: bf7c407c2cedff20999df2af8eb42d56 -> 
========================================================================
Received Import Request.
  Time since last request: 1268725.218424 seconds.
  path: Assets/Skripts/Inventory.cs
  artifactKey: Guid(b994c4fdddc008247a2a57f0904c8be8) Importer(815301076,1909f56bfc062723c751e8b465ee728b)
Start importing Assets/Skripts/Inventory.cs using Guid(b994c4fdddc008247a2a57f0904c8be8) Importer(815301076,1909f56bfc062723c751e8b465ee728b)  -> (artifact id: '1bedd7537753118fd9354b40aaf85ef8') in 0.143638 seconds 
========================================================================
Received Prepare
Registering precompiled user dll's ...
Registered in 0.032059 seconds.
Begin MonoManager ReloadAssembly
Symbol file LoadedFromMemory doesn't match image C:\Users\iscia\Documents\SS 22\Unity\finding_home-unity_final\Library\PackageCache\com.unity.visualscripting@1.7.8\Editor\VisualScripting.Core\Dependencies\YamlDotNet\Unity.VisualScripting.YamlDotNet.dll
Symbol file LoadedFromMemory doesn't match image C:\Users\iscia\Documents\SS 22\Unity\finding_home-unity_final\Library\PackageCache\com.unity.visualscripting@1.7.8\Editor\VisualScripting.Core\Dependencies\DotNetZip\Unity.VisualScripting.IonicZip.dll
Native extension for WindowsStandalone target not found
Refreshing native plugins compatible for Editor in 2.30 ms, found 3 plugins.
Preloading 0 native plugins for Editor in 0.00 ms.
Mono: successfully reloaded assembly
- Completed reload, in  3.770 seconds
Domain Reload Profiling:
	ReloadAssembly (3773ms)
		BeginReloadAssembly (510ms)
			ExecutionOrderSort (0ms)
			DisableScriptedObjects (21ms)
			BackupInstance (0ms)
			ReleaseScriptingObjects (0ms)
			CreateAndSetChildDomain (110ms)
		EndReloadAssembly (2867ms)
			LoadAssemblies (374ms)
			RebuildTransferFunctionScriptingTraits (0ms)
			SetupTypeCache (953ms)
			ReleaseScriptCaches (3ms)
			RebuildScriptCaches (143ms)
			SetupLoadedEditorAssemblies (1282ms)
				LogAssemblyErrors (0ms)
				InitializePlatformSupportModulesInManaged (48ms)
				SetLoadedEditorAssemblies (2ms)
				RefreshPlugins (3ms)
				BeforeProcessingInitializeOnLoad (284ms)
				ProcessInitializeOnLoadAttributes (808ms)
				ProcessInitializeOnLoadMethodAttributes (93ms)
				AfterProcessingInitializeOnLoad (42ms)
				EditorAssembliesLoaded (1ms)
			ExecutionOrderSort2 (0ms)
			AwakeInstancesAfterBackupRestoration (30ms)
Platform modules already initialized, skipping
Refreshing native plugins compatible for Editor in 10.93 ms, found 3 plugins.
Preloading 0 native plugins for Editor in 0.00 ms.
Unloading 3377 Unused Serialized files (Serialized files now loaded: 0)
Unloading 21 unused Assets / (81.4 KB). Loaded Objects now: 3893.
Memory consumption went from 142.8 MB to 142.7 MB.
Total: 9.360200 ms (FindLiveObjects: 0.976400 ms CreateObjectMapping: 0.482400 ms MarkObjects: 7.665700 ms  DeleteObjects: 0.232900 ms)

AssetImportParameters requested are different than current active one (requested -> active):
  custom:video-decoder-ogg-theora: a1e56fd34408186e4bbccfd4996cb3dc -> 
  custom:container-muxer-webm: aa71ff27fc2769a1b78a27578f13a17b -> 
  custom:container-demuxer-webm: 4f35f7cbe854078d1ac9338744f61a02 -> 
  custom:video-encoder-webm-vp8: eb34c28f22e8b96e1ab97ce403110664 -> 
  custom:audio-encoder-webm-vorbis: bf7c407c2cedff20999df2af8eb42d56 -> 
  custom:framework-win-MediaFoundation: 216162199b28c13a410421893ffa2e32 -> 
  custom:container-demuxer-ogg: 62fdf1f143b41e24485cea50d1cbac27 -> 
  custom:video-decoder-webm-vp8: 9c59270c3fd7afecdb556c50c9e8de78 -> 
  custom:audio-decoder-ogg-vorbis: bf7c407c2cedff20999df2af8eb42d56 -> 
========================================================================
Received Prepare
Registering precompiled user dll's ...
Registered in 0.026546 seconds.
Begin MonoManager ReloadAssembly
Symbol file LoadedFromMemory doesn't match image C:\Users\iscia\Documents\SS 22\Unity\finding_home-unity_final\Library\PackageCache\com.unity.visualscripting@1.7.8\Editor\VisualScripting.Core\Dependencies\YamlDotNet\Unity.VisualScripting.YamlDotNet.dll
Symbol file LoadedFromMemory doesn't match image C:\Users\iscia\Documents\SS 22\Unity\finding_home-unity_final\Library\PackageCache\com.unity.visualscripting@1.7.8\Editor\VisualScripting.Core\Dependencies\DotNetZip\Unity.VisualScripting.IonicZip.dll
Native extension for WindowsStandalone target not found
Refreshing native plugins compatible for Editor in 8.22 ms, found 3 plugins.
Preloading 0 native plugins for Editor in 0.00 ms.
Mono: successfully reloaded assembly
- Completed reload, in 10.635 seconds
Domain Reload Profiling:
	ReloadAssembly (10637ms)
		BeginReloadAssembly (2150ms)
			ExecutionOrderSort (0ms)
			DisableScriptedObjects (22ms)
			BackupInstance (0ms)
			ReleaseScriptingObjects (0ms)
			CreateAndSetChildDomain (788ms)
		EndReloadAssembly (7118ms)
			LoadAssemblies (1353ms)
			RebuildTransferFunctionScriptingTraits (1ms)
			SetupTypeCache (2793ms)
			ReleaseScriptCaches (8ms)
			RebuildScriptCaches (447ms)
			SetupLoadedEditorAssemblies (2658ms)
				LogAssemblyErrors (0ms)
				InitializePlatformSupportModulesInManaged (162ms)
				SetLoadedEditorAssemblies (3ms)
				RefreshPlugins (9ms)
				BeforeProcessingInitializeOnLoad (662ms)
				ProcessInitializeOnLoadAttributes (1670ms)
				ProcessInitializeOnLoadMethodAttributes (107ms)
				AfterProcessingInitializeOnLoad (44ms)
				EditorAssembliesLoaded (1ms)
			ExecutionOrderSort2 (0ms)
			AwakeInstancesAfterBackupRestoration (33ms)
Platform modules already initialized, skipping
Refreshing native plugins compatible for Editor in 7.22 ms, found 3 plugins.
Preloading 0 native plugins for Editor in 0.00 ms.
Unloading 3377 Unused Serialized files (Serialized files now loaded: 0)
Unloading 20 unused Assets / (81.4 KB). Loaded Objects now: 3896.
Memory consumption went from 142.8 MB to 142.7 MB.
Total: 8.732800 ms (FindLiveObjects: 0.860000 ms CreateObjectMapping: 0.600800 ms MarkObjects: 7.015800 ms  DeleteObjects: 0.252100 ms)

AssetImportParameters requested are different than current active one (requested -> active):
  custom:video-decoder-ogg-theora: a1e56fd34408186e4bbccfd4996cb3dc -> 
  custom:container-muxer-webm: aa71ff27fc2769a1b78a27578f13a17b -> 
  custom:container-demuxer-webm: 4f35f7cbe854078d1ac9338744f61a02 -> 
  custom:video-encoder-webm-vp8: eb34c28f22e8b96e1ab97ce403110664 -> 
  custom:audio-encoder-webm-vorbis: bf7c407c2cedff20999df2af8eb42d56 -> 
  custom:framework-win-MediaFoundation: 216162199b28c13a410421893ffa2e32 -> 
  custom:container-demuxer-ogg: 62fdf1f143b41e24485cea50d1cbac27 -> 
  custom:video-decoder-webm-vp8: 9c59270c3fd7afecdb556c50c9e8de78 -> 
  custom:audio-decoder-ogg-vorbis: bf7c407c2cedff20999df2af8eb42d56 -> 
========================================================================
Received Import Request.
  Time since last request: 182.355353 seconds.
  path: Assets/Skripts/Zwischenwelt.cs
  artifactKey: Guid(8ba98959010e0c84c9dab83d679be2e1) Importer(815301076,1909f56bfc062723c751e8b465ee728b)
Start importing Assets/Skripts/Zwischenwelt.cs using Guid(8ba98959010e0c84c9dab83d679be2e1) Importer(815301076,1909f56bfc062723c751e8b465ee728b)  -> (artifact id: '0143463f3c37aad351d949eeaffc4fb2') in 0.069866 seconds 
========================================================================
Received Import Request.
  Time since last request: 49.937246 seconds.
  path: Assets/Skripts/MIni_World.cs
  artifactKey: Guid(8ba98959010e0c84c9dab83d679be2e1) Importer(815301076,1909f56bfc062723c751e8b465ee728b)
Start importing Assets/Skripts/MIni_World.cs using Guid(8ba98959010e0c84c9dab83d679be2e1) Importer(815301076,1909f56bfc062723c751e8b465ee728b)  -> (artifact id: 'd1f86b16a3be20815f3140426f631a79') in 0.038742 seconds 
========================================================================
Received Prepare
Registering precompiled user dll's ...
Registered in 0.031187 seconds.
Begin MonoManager ReloadAssembly
Symbol file LoadedFromMemory doesn't match image C:\Users\iscia\Documents\SS 22\Unity\finding_home-unity_final\Library\PackageCache\com.unity.visualscripting@1.7.8\Editor\VisualScripting.Core\Dependencies\YamlDotNet\Unity.VisualScripting.YamlDotNet.dll
Symbol file LoadedFromMemory doesn't match image C:\Users\iscia\Documents\SS 22\Unity\finding_home-unity_final\Library\PackageCache\com.unity.visualscripting@1.7.8\Editor\VisualScripting.Core\Dependencies\DotNetZip\Unity.VisualScripting.IonicZip.dll
Native extension for WindowsStandalone target not found
Refreshing native plugins compatible for Editor in 2.23 ms, found 3 plugins.
Preloading 0 native plugins for Editor in 0.00 ms.
Mono: successfully reloaded assembly
- Completed reload, in  5.310 seconds
Domain Reload Profiling:
	ReloadAssembly (5313ms)
		BeginReloadAssembly (1062ms)
			ExecutionOrderSort (0ms)
			DisableScriptedObjects (29ms)
			BackupInstance (0ms)
			ReleaseScriptingObjects (0ms)
			CreateAndSetChildDomain (245ms)
		EndReloadAssembly (3751ms)
			LoadAssemblies (732ms)
			RebuildTransferFunctionScriptingTraits (0ms)
			SetupTypeCache (1346ms)
			ReleaseScriptCaches (6ms)
			RebuildScriptCaches (197ms)
			SetupLoadedEditorAssemblies (1607ms)
				LogAssemblyErrors (0ms)
				InitializePlatformSupportModulesInManaged (53ms)
				SetLoadedEditorAssemblies (2ms)
				RefreshPlugins (2ms)
				BeforeProcessingInitializeOnLoad (268ms)
				ProcessInitializeOnLoadAttributes (1081ms)
				ProcessInitializeOnLoadMethodAttributes (130ms)
				AfterProcessingInitializeOnLoad (70ms)
				EditorAssembliesLoaded (0ms)
			ExecutionOrderSort2 (0ms)
			AwakeInstancesAfterBackupRestoration (80ms)
Platform modules already initialized, skipping
Script is not up to date after domain reload: guid(7b6d3c978468601478fd7fc0e030dd95) path("Assets/Skripts/Zwischenwelt.cs") state(2)
Refreshing native plugins compatible for Editor in 6.29 ms, found 3 plugins.
Preloading 0 native plugins for Editor in 0.00 ms.
Unloading 3377 Unused Serialized files (Serialized files now loaded: 0)
Unloading 20 unused Assets / (81.4 KB). Loaded Objects now: 3899.
Memory consumption went from 142.8 MB to 142.7 MB.
Total: 12.159600 ms (FindLiveObjects: 2.268800 ms CreateObjectMapping: 2.691900 ms MarkObjects: 6.933200 ms  DeleteObjects: 0.261000 ms)

AssetImportParameters requested are different than current active one (requested -> active):
  custom:video-decoder-ogg-theora: a1e56fd34408186e4bbccfd4996cb3dc -> 
  custom:container-muxer-webm: aa71ff27fc2769a1b78a27578f13a17b -> 
  custom:container-demuxer-webm: 4f35f7cbe854078d1ac9338744f61a02 -> 
  custom:video-encoder-webm-vp8: eb34c28f22e8b96e1ab97ce403110664 -> 
  custom:audio-encoder-webm-vorbis: bf7c407c2cedff20999df2af8eb42d56 -> 
  custom:framework-win-MediaFoundation: 216162199b28c13a410421893ffa2e32 -> 
  custom:container-demuxer-ogg: 62fdf1f143b41e24485cea50d1cbac27 -> 
  custom:video-decoder-webm-vp8: 9c59270c3fd7afecdb556c50c9e8de78 -> 
  custom:audio-decoder-ogg-vorbis: bf7c407c2cedff20999df2af8eb42d56 -> 
========================================================================
Received Prepare
Registering precompiled user dll's ...
Registered in 0.029310 seconds.
Begin MonoManager ReloadAssembly
Symbol file LoadedFromMemory doesn't match image C:\Users\iscia\Documents\SS 22\Unity\finding_home-unity_final\Library\PackageCache\com.unity.visualscripting@1.7.8\Editor\VisualScripting.Core\Dependencies\YamlDotNet\Unity.VisualScripting.YamlDotNet.dll
Symbol file LoadedFromMemory doesn't match image C:\Users\iscia\Documents\SS 22\Unity\finding_home-unity_final\Library\PackageCache\com.unity.visualscripting@1.7.8\Editor\VisualScripting.Core\Dependencies\DotNetZip\Unity.VisualScripting.IonicZip.dll
Native extension for WindowsStandalone target not found
Refreshing native plugins compatible for Editor in 2.08 ms, found 3 plugins.
Preloading 0 native plugins for Editor in 0.00 ms.
Mono: successfully reloaded assembly
- Completed reload, in  5.146 seconds
Domain Reload Profiling:
	ReloadAssembly (5148ms)
		BeginReloadAssembly (1184ms)
			ExecutionOrderSort (0ms)
			DisableScriptedObjects (33ms)
			BackupInstance (0ms)
			ReleaseScriptingObjects (0ms)
			CreateAndSetChildDomain (163ms)
		EndReloadAssembly (3303ms)
			LoadAssemblies (1081ms)
			RebuildTransferFunctionScriptingTraits (0ms)
			SetupTypeCache (1188ms)
			ReleaseScriptCaches (3ms)
			RebuildScriptCaches (336ms)
			SetupLoadedEditorAssemblies (1169ms)
				LogAssemblyErrors (0ms)
				InitializePlatformSupportModulesInManaged (41ms)
				SetLoadedEditorAssemblies (1ms)
				RefreshPlugins (2ms)
				BeforeProcessingInitializeOnLoad (279ms)
				ProcessInitializeOnLoadAttributes (716ms)
				ProcessInitializeOnLoadMethodAttributes (93ms)
				AfterProcessingInitializeOnLoad (36ms)
				EditorAssembliesLoaded (0ms)
			ExecutionOrderSort2 (0ms)
			AwakeInstancesAfterBackupRestoration (29ms)
Platform modules already initialized, skipping
Refreshing native plugins compatible for Editor in 6.95 ms, found 3 plugins.
Preloading 0 native plugins for Editor in 0.00 ms.
Unloading 3378 Unused Serialized files (Serialized files now loaded: 0)
Unloading 20 unused Assets / (81.4 KB). Loaded Objects now: 3903.
Memory consumption went from 142.9 MB to 142.8 MB.
Total: 12.593400 ms (FindLiveObjects: 0.572000 ms CreateObjectMapping: 1.178900 ms MarkObjects: 10.602000 ms  DeleteObjects: 0.238100 ms)

AssetImportParameters requested are different than current active one (requested -> active):
  custom:video-decoder-ogg-theora: a1e56fd34408186e4bbccfd4996cb3dc -> 
  custom:container-muxer-webm: aa71ff27fc2769a1b78a27578f13a17b -> 
  custom:container-demuxer-webm: 4f35f7cbe854078d1ac9338744f61a02 -> 
  custom:video-encoder-webm-vp8: eb34c28f22e8b96e1ab97ce403110664 -> 
  custom:audio-encoder-webm-vorbis: bf7c407c2cedff20999df2af8eb42d56 -> 
  custom:framework-win-MediaFoundation: 216162199b28c13a410421893ffa2e32 -> 
  custom:container-demuxer-ogg: 62fdf1f143b41e24485cea50d1cbac27 -> 
  custom:video-decoder-webm-vp8: 9c59270c3fd7afecdb556c50c9e8de78 -> 
  custom:audio-decoder-ogg-vorbis: bf7c407c2cedff20999df2af8eb42d56 -> 
========================================================================
Received Import Request.
  Time since last request: 37.359713 seconds.
  path: Assets/Skripts/Zwischenwelt.cs
  artifactKey: Guid(7b6d3c978468601478fd7fc0e030dd95) Importer(815301076,1909f56bfc062723c751e8b465ee728b)
Start importing Assets/Skripts/Zwischenwelt.cs using Guid(7b6d3c978468601478fd7fc0e030dd95) Importer(815301076,1909f56bfc062723c751e8b465ee728b)  -> (artifact id: '0a441ba10c524f715440988cae38b3e4') in 0.027855 seconds 
========================================================================
Received Prepare
Registering precompiled user dll's ...
Registered in 0.026208 seconds.
Begin MonoManager ReloadAssembly
Symbol file LoadedFromMemory doesn't match image C:\Users\iscia\Documents\SS 22\Unity\finding_home-unity_final\Library\PackageCache\com.unity.visualscripting@1.7.8\Editor\VisualScripting.Core\Dependencies\YamlDotNet\Unity.VisualScripting.YamlDotNet.dll
Symbol file LoadedFromMemory doesn't match image C:\Users\iscia\Documents\SS 22\Unity\finding_home-unity_final\Library\PackageCache\com.unity.visualscripting@1.7.8\Editor\VisualScripting.Core\Dependencies\DotNetZip\Unity.VisualScripting.IonicZip.dll
Native extension for WindowsStandalone target not found
Refreshing native plugins compatible for Editor in 2.20 ms, found 3 plugins.
Preloading 0 native plugins for Editor in 0.00 ms.
Mono: successfully reloaded assembly
- Completed reload, in  3.870 seconds
Domain Reload Profiling:
	ReloadAssembly (3872ms)
		BeginReloadAssembly (737ms)
			ExecutionOrderSort (0ms)
			DisableScriptedObjects (18ms)
			BackupInstance (0ms)
			ReleaseScriptingObjects (0ms)
			CreateAndSetChildDomain (131ms)
		EndReloadAssembly (2761ms)
			LoadAssemblies (622ms)
			RebuildTransferFunctionScriptingTraits (0ms)
			SetupTypeCache (938ms)
			ReleaseScriptCaches (3ms)
			RebuildScriptCaches (129ms)
			SetupLoadedEditorAssemblies (1173ms)
				LogAssemblyErrors (0ms)
				InitializePlatformSupportModulesInManaged (47ms)
				SetLoadedEditorAssemblies (2ms)
				RefreshPlugins (2ms)
				BeforeProcessingInitializeOnLoad (274ms)
				ProcessInitializeOnLoadAttributes (720ms)
				ProcessInitializeOnLoadMethodAttributes (89ms)
				AfterProcessingInitializeOnLoad (38ms)
				EditorAssembliesLoaded (0ms)
			ExecutionOrderSort2 (0ms)
			AwakeInstancesAfterBackupRestoration (31ms)
Platform modules already initialized, skipping
Refreshing native plugins compatible for Editor in 6.48 ms, found 3 plugins.
Preloading 0 native plugins for Editor in 0.00 ms.
Unloading 3377 Unused Serialized files (Serialized files now loaded: 0)
Unloading 21 unused Assets / (81.4 KB). Loaded Objects now: 3905.
Memory consumption went from 142.8 MB to 142.8 MB.
Total: 6.660500 ms (FindLiveObjects: 0.564900 ms CreateObjectMapping: 0.368100 ms MarkObjects: 5.498500 ms  DeleteObjects: 0.227000 ms)

AssetImportParameters requested are different than current active one (requested -> active):
  custom:video-decoder-ogg-theora: a1e56fd34408186e4bbccfd4996cb3dc -> 
  custom:container-muxer-webm: aa71ff27fc2769a1b78a27578f13a17b -> 
  custom:container-demuxer-webm: 4f35f7cbe854078d1ac9338744f61a02 -> 
  custom:video-encoder-webm-vp8: eb34c28f22e8b96e1ab97ce403110664 -> 
  custom:audio-encoder-webm-vorbis: bf7c407c2cedff20999df2af8eb42d56 -> 
  custom:framework-win-MediaFoundation: 216162199b28c13a410421893ffa2e32 -> 
  custom:container-demuxer-ogg: 62fdf1f143b41e24485cea50d1cbac27 -> 
  custom:video-decoder-webm-vp8: 9c59270c3fd7afecdb556c50c9e8de78 -> 
  custom:audio-decoder-ogg-vorbis: bf7c407c2cedff20999df2af8eb42d56 -> 
========================================================================
Received Import Request.
  Time since last request: 54.074321 seconds.
  path: Assets/Skripts/Mini_World.cs
  artifactKey: Guid(8ba98959010e0c84c9dab83d679be2e1) Importer(815301076,1909f56bfc062723c751e8b465ee728b)
Start importing Assets/Skripts/Mini_World.cs using Guid(8ba98959010e0c84c9dab83d679be2e1) Importer(815301076,1909f56bfc062723c751e8b465ee728b)  -> (artifact id: '920dbbcc7f6453c7a8afcf51387925d4') in 0.038385 seconds 
========================================================================
Received Prepare
Registering precompiled user dll's ...
Registered in 0.027909 seconds.
Begin MonoManager ReloadAssembly
Symbol file LoadedFromMemory doesn't match image C:\Users\iscia\Documents\SS 22\Unity\finding_home-unity_final\Library\PackageCache\com.unity.visualscripting@1.7.8\Editor\VisualScripting.Core\Dependencies\YamlDotNet\Unity.VisualScripting.YamlDotNet.dll
Symbol file LoadedFromMemory doesn't match image C:\Users\iscia\Documents\SS 22\Unity\finding_home-unity_final\Library\PackageCache\com.unity.visualscripting@1.7.8\Editor\VisualScripting.Core\Dependencies\DotNetZip\Unity.VisualScripting.IonicZip.dll
Native extension for WindowsStandalone target not found
Refreshing native plugins compatible for Editor in 2.03 ms, found 3 plugins.
Preloading 0 native plugins for Editor in 0.00 ms.
Mono: successfully reloaded assembly
- Completed reload, in  4.145 seconds
Domain Reload Profiling:
	ReloadAssembly (4147ms)
		BeginReloadAssembly (608ms)
			ExecutionOrderSort (0ms)
			DisableScriptedObjects (18ms)
			BackupInstance (0ms)
			ReleaseScriptingObjects (0ms)
			CreateAndSetChildDomain (123ms)
		EndReloadAssembly (3088ms)
			LoadAssemblies (465ms)
			RebuildTransferFunctionScriptingTraits (0ms)
			SetupTypeCache (931ms)
			ReleaseScriptCaches (3ms)
			RebuildScriptCaches (127ms)
			SetupLoadedEditorAssemblies (1420ms)
				LogAssemblyErrors (0ms)
				InitializePlatformSupportModulesInManaged (43ms)
				SetLoadedEditorAssemblies (2ms)
				RefreshPlugins (2ms)
				BeforeProcessingInitializeOnLoad (286ms)
				ProcessInitializeOnLoadAttributes (937ms)
				ProcessInitializeOnLoadMethodAttributes (107ms)
				AfterProcessingInitializeOnLoad (43ms)
				EditorAssembliesLoaded (0ms)
			ExecutionOrderSort2 (0ms)
			AwakeInstancesAfterBackupRestoration (34ms)
Platform modules already initialized, skipping
Refreshing native plugins compatible for Editor in 11.27 ms, found 3 plugins.
Preloading 0 native plugins for Editor in 0.00 ms.
Unloading 3377 Unused Serialized files (Serialized files now loaded: 0)
Unloading 21 unused Assets / (81.5 KB). Loaded Objects now: 3908.
Memory consumption went from 142.8 MB to 142.8 MB.
Total: 26.600100 ms (FindLiveObjects: 9.036800 ms CreateObjectMapping: 1.195500 ms MarkObjects: 16.070200 ms  DeleteObjects: 0.292300 ms)

AssetImportParameters requested are different than current active one (requested -> active):
  custom:video-decoder-ogg-theora: a1e56fd34408186e4bbccfd4996cb3dc -> 
  custom:container-muxer-webm: aa71ff27fc2769a1b78a27578f13a17b -> 
  custom:container-demuxer-webm: 4f35f7cbe854078d1ac9338744f61a02 -> 
  custom:video-encoder-webm-vp8: eb34c28f22e8b96e1ab97ce403110664 -> 
  custom:audio-encoder-webm-vorbis: bf7c407c2cedff20999df2af8eb42d56 -> 
  custom:framework-win-MediaFoundation: 216162199b28c13a410421893ffa2e32 -> 
  custom:container-demuxer-ogg: 62fdf1f143b41e24485cea50d1cbac27 -> 
  custom:video-decoder-webm-vp8: 9c59270c3fd7afecdb556c50c9e8de78 -> 
  custom:audio-decoder-ogg-vorbis: bf7c407c2cedff20999df2af8eb42d56 -> 
========================================================================
Received Import Request.
  Time since last request: 105.453332 seconds.
  path: Assets/Skripts/ChangeWorld.cs
  artifactKey: Guid(bfb44979828af84468d5419179b79016) Importer(815301076,1909f56bfc062723c751e8b465ee728b)
Start importing Assets/Skripts/ChangeWorld.cs using Guid(bfb44979828af84468d5419179b79016) Importer(815301076,1909f56bfc062723c751e8b465ee728b)  -> (artifact id: '1bfd9d9910be3d382aa296a66581832d') in 0.035204 seconds 
========================================================================
Received Prepare
Registering precompiled user dll's ...
Registered in 0.035535 seconds.
Begin MonoManager ReloadAssembly
Symbol file LoadedFromMemory doesn't match image C:\Users\iscia\Documents\SS 22\Unity\finding_home-unity_final\Library\PackageCache\com.unity.visualscripting@1.7.8\Editor\VisualScripting.Core\Dependencies\YamlDotNet\Unity.VisualScripting.YamlDotNet.dll
Symbol file LoadedFromMemory doesn't match image C:\Users\iscia\Documents\SS 22\Unity\finding_home-unity_final\Library\PackageCache\com.unity.visualscripting@1.7.8\Editor\VisualScripting.Core\Dependencies\DotNetZip\Unity.VisualScripting.IonicZip.dll
Native extension for WindowsStandalone target not found
Refreshing native plugins compatible for Editor in 2.67 ms, found 3 plugins.
Preloading 0 native plugins for Editor in 0.00 ms.
Mono: successfully reloaded assembly
- Completed reload, in  4.583 seconds
Domain Reload Profiling:
	ReloadAssembly (4585ms)
		BeginReloadAssembly (1267ms)
			ExecutionOrderSort (0ms)
			DisableScriptedObjects (56ms)
			BackupInstance (0ms)
			ReleaseScriptingObjects (0ms)
			CreateAndSetChildDomain (194ms)
		EndReloadAssembly (2873ms)
			LoadAssemblies (866ms)
			RebuildTransferFunctionScriptingTraits (0ms)
			SetupTypeCache (895ms)
			ReleaseScriptCaches (4ms)
			RebuildScriptCaches (141ms)
			SetupLoadedEditorAssemblies (1285ms)
				LogAssemblyErrors (0ms)
				InitializePlatformSupportModulesInManaged (50ms)
				SetLoadedEditorAssemblies (2ms)
				RefreshPlugins (3ms)
				BeforeProcessingInitializeOnLoad (465ms)
				ProcessInitializeOnLoadAttributes (644ms)
				ProcessInitializeOnLoadMethodAttributes (82ms)
				AfterProcessingInitializeOnLoad (39ms)
				EditorAssembliesLoaded (0ms)
			ExecutionOrderSort2 (0ms)
			AwakeInstancesAfterBackupRestoration (28ms)
Platform modules already initialized, skipping
Refreshing native plugins compatible for Editor in 7.13 ms, found 3 plugins.
Preloading 0 native plugins for Editor in 0.00 ms.
Unloading 3378 Unused Serialized files (Serialized files now loaded: 0)
Unloading 20 unused Assets / (81.4 KB). Loaded Objects now: 3912.
Memory consumption went from 142.9 MB to 142.8 MB.
Total: 8.487600 ms (FindLiveObjects: 0.568100 ms CreateObjectMapping: 0.560700 ms MarkObjects: 7.128300 ms  DeleteObjects: 0.227800 ms)

AssetImportParameters requested are different than current active one (requested -> active):
  custom:video-decoder-ogg-theora: a1e56fd34408186e4bbccfd4996cb3dc -> 
  custom:container-muxer-webm: aa71ff27fc2769a1b78a27578f13a17b -> 
  custom:container-demuxer-webm: 4f35f7cbe854078d1ac9338744f61a02 -> 
  custom:video-encoder-webm-vp8: eb34c28f22e8b96e1ab97ce403110664 -> 
  custom:audio-encoder-webm-vorbis: bf7c407c2cedff20999df2af8eb42d56 -> 
  custom:framework-win-MediaFoundation: 216162199b28c13a410421893ffa2e32 -> 
  custom:container-demuxer-ogg: 62fdf1f143b41e24485cea50d1cbac27 -> 
  custom:video-decoder-webm-vp8: 9c59270c3fd7afecdb556c50c9e8de78 -> 
  custom:audio-decoder-ogg-vorbis: bf7c407c2cedff20999df2af8eb42d56 -> 
========================================================================
Received Prepare
Registering precompiled user dll's ...
Registered in 0.029224 seconds.
Begin MonoManager ReloadAssembly
Symbol file LoadedFromMemory doesn't match image C:\Users\iscia\Documents\SS 22\Unity\finding_home-unity_final\Library\PackageCache\com.unity.visualscripting@1.7.8\Editor\VisualScripting.Core\Dependencies\YamlDotNet\Unity.VisualScripting.YamlDotNet.dll
Symbol file LoadedFromMemory doesn't match image C:\Users\iscia\Documents\SS 22\Unity\finding_home-unity_final\Library\PackageCache\com.unity.visualscripting@1.7.8\Editor\VisualScripting.Core\Dependencies\DotNetZip\Unity.VisualScripting.IonicZip.dll
Native extension for WindowsStandalone target not found
Refreshing native plugins compatible for Editor in 1.79 ms, found 3 plugins.
Preloading 0 native plugins for Editor in 0.00 ms.
Mono: successfully reloaded assembly
- Completed reload, in  3.615 seconds
Domain Reload Profiling:
	ReloadAssembly (3616ms)
		BeginReloadAssembly (551ms)
			ExecutionOrderSort (0ms)
			DisableScriptedObjects (20ms)
			BackupInstance (0ms)
			ReleaseScriptingObjects (0ms)
			CreateAndSetChildDomain (94ms)
		EndReloadAssembly (2521ms)
			LoadAssemblies (435ms)
			RebuildTransferFunctionScriptingTraits (0ms)
			SetupTypeCache (842ms)
			ReleaseScriptCaches (3ms)
			RebuildScriptCaches (123ms)
			SetupLoadedEditorAssemblies (1149ms)
				LogAssemblyErrors (0ms)
				InitializePlatformSupportModulesInManaged (48ms)
				SetLoadedEditorAssemblies (2ms)
				RefreshPlugins (2ms)
				BeforeProcessingInitializeOnLoad (265ms)
				ProcessInitializeOnLoadAttributes (710ms)
				ProcessInitializeOnLoadMethodAttributes (83ms)
				AfterProcessingInitializeOnLoad (38ms)
				EditorAssembliesLoaded (0ms)
			ExecutionOrderSort2 (0ms)
			AwakeInstancesAfterBackupRestoration (30ms)
Platform modules already initialized, skipping
Refreshing native plugins compatible for Editor in 7.05 ms, found 3 plugins.
Preloading 0 native plugins for Editor in 0.00 ms.
Unloading 3377 Unused Serialized files (Serialized files now loaded: 0)
Unloading 21 unused Assets / (82.3 KB). Loaded Objects now: 3914.
Memory consumption went from 142.9 MB to 142.8 MB.
Total: 8.690300 ms (FindLiveObjects: 0.705600 ms CreateObjectMapping: 0.467800 ms MarkObjects: 7.233800 ms  DeleteObjects: 0.277300 ms)

AssetImportParameters requested are different than current active one (requested -> active):
  custom:video-decoder-ogg-theora: a1e56fd34408186e4bbccfd4996cb3dc -> 
  custom:container-muxer-webm: aa71ff27fc2769a1b78a27578f13a17b -> 
  custom:container-demuxer-webm: 4f35f7cbe854078d1ac9338744f61a02 -> 
  custom:video-encoder-webm-vp8: eb34c28f22e8b96e1ab97ce403110664 -> 
  custom:audio-encoder-webm-vorbis: bf7c407c2cedff20999df2af8eb42d56 -> 
  custom:framework-win-MediaFoundation: 216162199b28c13a410421893ffa2e32 -> 
  custom:container-demuxer-ogg: 62fdf1f143b41e24485cea50d1cbac27 -> 
  custom:video-decoder-webm-vp8: 9c59270c3fd7afecdb556c50c9e8de78 -> 
  custom:audio-decoder-ogg-vorbis: bf7c407c2cedff20999df2af8eb42d56 -> 
========================================================================
Received Import Request.
  Time since last request: 82.017634 seconds.
  path: Assets/Skripts/ToDesert.cs
  artifactKey: Guid(70e26f04ef1facf4fbac2489b8d5e509) Importer(815301076,1909f56bfc062723c751e8b465ee728b)
Start importing Assets/Skripts/ToDesert.cs using Guid(70e26f04ef1facf4fbac2489b8d5e509) Importer(815301076,1909f56bfc062723c751e8b465ee728b)  -> (artifact id: 'ecfb1bfaa9bff9968942708ed9eb07a0') in 0.037498 seconds 
========================================================================
Received Prepare
Registering precompiled user dll's ...
Registered in 0.029079 seconds.
Begin MonoManager ReloadAssembly
Symbol file LoadedFromMemory doesn't match image C:\Users\iscia\Documents\SS 22\Unity\finding_home-unity_final\Library\PackageCache\com.unity.visualscripting@1.7.8\Editor\VisualScripting.Core\Dependencies\YamlDotNet\Unity.VisualScripting.YamlDotNet.dll
Symbol file LoadedFromMemory doesn't match image C:\Users\iscia\Documents\SS 22\Unity\finding_home-unity_final\Library\PackageCache\com.unity.visualscripting@1.7.8\Editor\VisualScripting.Core\Dependencies\DotNetZip\Unity.VisualScripting.IonicZip.dll
Native extension for WindowsStandalone target not found
Refreshing native plugins compatible for Editor in 2.08 ms, found 3 plugins.
Preloading 0 native plugins for Editor in 0.00 ms.
Mono: successfully reloaded assembly
- Completed reload, in  3.824 seconds
Domain Reload Profiling:
	ReloadAssembly (3827ms)
		BeginReloadAssembly (698ms)
			ExecutionOrderSort (0ms)
			DisableScriptedObjects (18ms)
			BackupInstance (0ms)
			ReleaseScriptingObjects (0ms)
			CreateAndSetChildDomain (117ms)
		EndReloadAssembly (2764ms)
			LoadAssemblies (520ms)
			RebuildTransferFunctionScriptingTraits (0ms)
			SetupTypeCache (961ms)
			ReleaseScriptCaches (3ms)
			RebuildScriptCaches (128ms)
			SetupLoadedEditorAssemblies (1147ms)
				LogAssemblyErrors (0ms)
				InitializePlatformSupportModulesInManaged (47ms)
				SetLoadedEditorAssemblies (1ms)
				RefreshPlugins (2ms)
				BeforeProcessingInitializeOnLoad (281ms)
				ProcessInitializeOnLoadAttributes (678ms)
				ProcessInitializeOnLoadMethodAttributes (100ms)
				AfterProcessingInitializeOnLoad (36ms)
				EditorAssembliesLoaded (1ms)
			ExecutionOrderSort2 (0ms)
			AwakeInstancesAfterBackupRestoration (31ms)
Platform modules already initialized, skipping
Script is not up to date after domain reload: guid(78be9cd82055ab04ca8eecf4cdd75b0a) path("Assets/Skripts/ToHome.cs") state(2)
Refreshing native plugins compatible for Editor in 9.23 ms, found 3 plugins.
Preloading 0 native plugins for Editor in 0.00 ms.
Unloading 3378 Unused Serialized files (Serialized files now loaded: 0)
Unloading 20 unused Assets / (81.4 KB). Loaded Objects now: 3918.
Memory consumption went from 142.9 MB to 142.8 MB.
Total: 9.470100 ms (FindLiveObjects: 0.585600 ms CreateObjectMapping: 0.484900 ms MarkObjects: 8.113600 ms  DeleteObjects: 0.283200 ms)

AssetImportParameters requested are different than current active one (requested -> active):
  custom:video-decoder-ogg-theora: a1e56fd34408186e4bbccfd4996cb3dc -> 
  custom:container-muxer-webm: aa71ff27fc2769a1b78a27578f13a17b -> 
  custom:container-demuxer-webm: 4f35f7cbe854078d1ac9338744f61a02 -> 
  custom:video-encoder-webm-vp8: eb34c28f22e8b96e1ab97ce403110664 -> 
  custom:audio-encoder-webm-vorbis: bf7c407c2cedff20999df2af8eb42d56 -> 
  custom:framework-win-MediaFoundation: 216162199b28c13a410421893ffa2e32 -> 
  custom:container-demuxer-ogg: 62fdf1f143b41e24485cea50d1cbac27 -> 
  custom:video-decoder-webm-vp8: 9c59270c3fd7afecdb556c50c9e8de78 -> 
  custom:audio-decoder-ogg-vorbis: bf7c407c2cedff20999df2af8eb42d56 -> 
========================================================================
Received Import Request.
  Time since last request: 23.945511 seconds.
  path: Assets/Skripts/ToHome.cs
  artifactKey: Guid(78be9cd82055ab04ca8eecf4cdd75b0a) Importer(815301076,1909f56bfc062723c751e8b465ee728b)
Start importing Assets/Skripts/ToHome.cs using Guid(78be9cd82055ab04ca8eecf4cdd75b0a) Importer(815301076,1909f56bfc062723c751e8b465ee728b)  -> (artifact id: 'bde71bc33968074a96813cd52099b6a4') in 0.036993 seconds 
========================================================================
Received Prepare
Registering precompiled user dll's ...
Registered in 0.026756 seconds.
Begin MonoManager ReloadAssembly
Symbol file LoadedFromMemory doesn't match image C:\Users\iscia\Documents\SS 22\Unity\finding_home-unity_final\Library\PackageCache\com.unity.visualscripting@1.7.8\Editor\VisualScripting.Core\Dependencies\YamlDotNet\Unity.VisualScripting.YamlDotNet.dll
Symbol file LoadedFromMemory doesn't match image C:\Users\iscia\Documents\SS 22\Unity\finding_home-unity_final\Library\PackageCache\com.unity.visualscripting@1.7.8\Editor\VisualScripting.Core\Dependencies\DotNetZip\Unity.VisualScripting.IonicZip.dll
Native extension for WindowsStandalone target not found
Refreshing native plugins compatible for Editor in 2.22 ms, found 3 plugins.
Preloading 0 native plugins for Editor in 0.00 ms.
Mono: successfully reloaded assembly
- Completed reload, in  6.448 seconds
Domain Reload Profiling:
	ReloadAssembly (6450ms)
		BeginReloadAssembly (682ms)
			ExecutionOrderSort (0ms)
			DisableScriptedObjects (20ms)
			BackupInstance (0ms)
			ReleaseScriptingObjects (0ms)
			CreateAndSetChildDomain (161ms)
		EndReloadAssembly (5200ms)
			LoadAssemblies (511ms)
			RebuildTransferFunctionScriptingTraits (0ms)
			SetupTypeCache (2071ms)
			ReleaseScriptCaches (3ms)
			RebuildScriptCaches (390ms)
			SetupLoadedEditorAssemblies (1928ms)
				LogAssemblyErrors (0ms)
				InitializePlatformSupportModulesInManaged (58ms)
				SetLoadedEditorAssemblies (2ms)
				RefreshPlugins (2ms)
				BeforeProcessingInitializeOnLoad (410ms)
				ProcessInitializeOnLoadAttributes (1256ms)
				ProcessInitializeOnLoadMethodAttributes (144ms)
				AfterProcessingInitializeOnLoad (55ms)
				EditorAssembliesLoaded (1ms)
			ExecutionOrderSort2 (0ms)
			AwakeInstancesAfterBackupRestoration (50ms)
Platform modules already initialized, skipping
Refreshing native plugins compatible for Editor in 7.61 ms, found 3 plugins.
Preloading 0 native plugins for Editor in 0.00 ms.
Unloading 3379 Unused Serialized files (Serialized files now loaded: 0)
Unloading 20 unused Assets / (81.3 KB). Loaded Objects now: 3922.
Memory consumption went from 142.9 MB to 142.8 MB.
Total: 11.406900 ms (FindLiveObjects: 0.611200 ms CreateObjectMapping: 0.528400 ms MarkObjects: 9.993700 ms  DeleteObjects: 0.271500 ms)

AssetImportParameters requested are different than current active one (requested -> active):
  custom:video-decoder-ogg-theora: a1e56fd34408186e4bbccfd4996cb3dc -> 
  custom:container-muxer-webm: aa71ff27fc2769a1b78a27578f13a17b -> 
  custom:container-demuxer-webm: 4f35f7cbe854078d1ac9338744f61a02 -> 
  custom:video-encoder-webm-vp8: eb34c28f22e8b96e1ab97ce403110664 -> 
  custom:audio-encoder-webm-vorbis: bf7c407c2cedff20999df2af8eb42d56 -> 
  custom:framework-win-MediaFoundation: 216162199b28c13a410421893ffa2e32 -> 
  custom:container-demuxer-ogg: 62fdf1f143b41e24485cea50d1cbac27 -> 
  custom:video-decoder-webm-vp8: 9c59270c3fd7afecdb556c50c9e8de78 -> 
  custom:audio-decoder-ogg-vorbis: bf7c407c2cedff20999df2af8eb42d56 -> 
========================================================================
Received Prepare
Registering precompiled user dll's ...
Registered in 0.039830 seconds.
Begin MonoManager ReloadAssembly
Symbol file LoadedFromMemory doesn't match image C:\Users\iscia\Documents\SS 22\Unity\finding_home-unity_final\Library\PackageCache\com.unity.visualscripting@1.7.8\Editor\VisualScripting.Core\Dependencies\YamlDotNet\Unity.VisualScripting.YamlDotNet.dll
Symbol file LoadedFromMemory doesn't match image C:\Users\iscia\Documents\SS 22\Unity\finding_home-unity_final\Library\PackageCache\com.unity.visualscripting@1.7.8\Editor\VisualScripting.Core\Dependencies\DotNetZip\Unity.VisualScripting.IonicZip.dll
Native extension for WindowsStandalone target not found
Refreshing native plugins compatible for Editor in 2.09 ms, found 3 plugins.
Preloading 0 native plugins for Editor in 0.00 ms.
Mono: successfully reloaded assembly
- Completed reload, in  3.598 seconds
Domain Reload Profiling:
	ReloadAssembly (3611ms)
		BeginReloadAssembly (568ms)
			ExecutionOrderSort (0ms)
			DisableScriptedObjects (20ms)
			BackupInstance (0ms)
			ReleaseScriptingObjects (0ms)
			CreateAndSetChildDomain (205ms)
		EndReloadAssembly (2685ms)
			LoadAssemblies (319ms)
			RebuildTransferFunctionScriptingTraits (0ms)
			SetupTypeCache (962ms)
			ReleaseScriptCaches (3ms)
			RebuildScriptCaches (132ms)
			SetupLoadedEditorAssemblies (1115ms)
				LogAssemblyErrors (0ms)
				InitializePlatformSupportModulesInManaged (54ms)
				SetLoadedEditorAssemblies (2ms)
				RefreshPlugins (2ms)
				BeforeProcessingInitializeOnLoad (282ms)
				ProcessInitializeOnLoadAttributes (652ms)
				ProcessInitializeOnLoadMethodAttributes (84ms)
				AfterProcessingInitializeOnLoad (37ms)
				EditorAssembliesLoaded (1ms)
			ExecutionOrderSort2 (0ms)
			AwakeInstancesAfterBackupRestoration (27ms)
Platform modules already initialized, skipping
Refreshing native plugins compatible for Editor in 6.41 ms, found 3 plugins.
Preloading 0 native plugins for Editor in 0.00 ms.
Unloading 3379 Unused Serialized files (Serialized files now loaded: 0)
Unloading 20 unused Assets / (81.4 KB). Loaded Objects now: 3925.
Memory consumption went from 142.9 MB to 142.9 MB.
Total: 9.735200 ms (FindLiveObjects: 0.604200 ms CreateObjectMapping: 0.536100 ms MarkObjects: 8.335600 ms  DeleteObjects: 0.256900 ms)

AssetImportParameters requested are different than current active one (requested -> active):
  custom:video-decoder-ogg-theora: a1e56fd34408186e4bbccfd4996cb3dc -> 
  custom:container-muxer-webm: aa71ff27fc2769a1b78a27578f13a17b -> 
  custom:container-demuxer-webm: 4f35f7cbe854078d1ac9338744f61a02 -> 
  custom:video-encoder-webm-vp8: eb34c28f22e8b96e1ab97ce403110664 -> 
  custom:audio-encoder-webm-vorbis: bf7c407c2cedff20999df2af8eb42d56 -> 
  custom:framework-win-MediaFoundation: 216162199b28c13a410421893ffa2e32 -> 
  custom:container-demuxer-ogg: 62fdf1f143b41e24485cea50d1cbac27 -> 
  custom:video-decoder-webm-vp8: 9c59270c3fd7afecdb556c50c9e8de78 -> 
  custom:audio-decoder-ogg-vorbis: bf7c407c2cedff20999df2af8eb42d56 -> 
========================================================================
Received Prepare
Registering precompiled user dll's ...
Registered in 0.027041 seconds.
Begin MonoManager ReloadAssembly
Symbol file LoadedFromMemory doesn't match image C:\Users\iscia\Documents\SS 22\Unity\finding_home-unity_final\Library\PackageCache\com.unity.visualscripting@1.7.8\Editor\VisualScripting.Core\Dependencies\YamlDotNet\Unity.VisualScripting.YamlDotNet.dll
Symbol file LoadedFromMemory doesn't match image C:\Users\iscia\Documents\SS 22\Unity\finding_home-unity_final\Library\PackageCache\com.unity.visualscripting@1.7.8\Editor\VisualScripting.Core\Dependencies\DotNetZip\Unity.VisualScripting.IonicZip.dll
Native extension for WindowsStandalone target not found
Refreshing native plugins compatible for Editor in 1.48 ms, found 3 plugins.
Preloading 0 native plugins for Editor in 0.00 ms.
Mono: successfully reloaded assembly
- Completed reload, in  3.762 seconds
Domain Reload Profiling:
	ReloadAssembly (3764ms)
		BeginReloadAssembly (662ms)
			ExecutionOrderSort (0ms)
			DisableScriptedObjects (28ms)
			BackupInstance (0ms)
			ReleaseScriptingObjects (0ms)
			CreateAndSetChildDomain (232ms)
		EndReloadAssembly (2749ms)
			LoadAssemblies (343ms)
			RebuildTransferFunctionScriptingTraits (0ms)
			SetupTypeCache (1111ms)
			ReleaseScriptCaches (3ms)
			RebuildScriptCaches (132ms)
			SetupLoadedEditorAssemblies (1064ms)
				LogAssemblyErrors (0ms)
				InitializePlatformSupportModulesInManaged (47ms)
				SetLoadedEditorAssemblies (2ms)
				RefreshPlugins (2ms)
				BeforeProcessingInitializeOnLoad (256ms)
				ProcessInitializeOnLoadAttributes (644ms)
				ProcessInitializeOnLoadMethodAttributes (77ms)
				AfterProcessingInitializeOnLoad (37ms)
				EditorAssembliesLoaded (1ms)
			ExecutionOrderSort2 (0ms)
			AwakeInstancesAfterBackupRestoration (28ms)
Platform modules already initialized, skipping
Refreshing native plugins compatible for Editor in 6.37 ms, found 3 plugins.
Preloading 0 native plugins for Editor in 0.00 ms.
Unloading 3379 Unused Serialized files (Serialized files now loaded: 0)
Unloading 20 unused Assets / (81.3 KB). Loaded Objects now: 3928.
Memory consumption went from 142.9 MB to 142.9 MB.
Total: 8.797500 ms (FindLiveObjects: 0.632200 ms CreateObjectMapping: 0.904600 ms MarkObjects: 7.067300 ms  DeleteObjects: 0.190200 ms)

AssetImportParameters requested are different than current active one (requested -> active):
  custom:video-decoder-ogg-theora: a1e56fd34408186e4bbccfd4996cb3dc -> 
  custom:container-muxer-webm: aa71ff27fc2769a1b78a27578f13a17b -> 
  custom:container-demuxer-webm: 4f35f7cbe854078d1ac9338744f61a02 -> 
  custom:video-encoder-webm-vp8: eb34c28f22e8b96e1ab97ce403110664 -> 
  custom:audio-encoder-webm-vorbis: bf7c407c2cedff20999df2af8eb42d56 -> 
  custom:framework-win-MediaFoundation: 216162199b28c13a410421893ffa2e32 -> 
  custom:container-demuxer-ogg: 62fdf1f143b41e24485cea50d1cbac27 -> 
  custom:video-decoder-webm-vp8: 9c59270c3fd7afecdb556c50c9e8de78 -> 
  custom:audio-decoder-ogg-vorbis: bf7c407c2cedff20999df2af8eb42d56 -> 
========================================================================
Received Prepare
Registering precompiled user dll's ...
Registered in 0.027151 seconds.
Begin MonoManager ReloadAssembly
Symbol file LoadedFromMemory doesn't match image C:\Users\iscia\Documents\SS 22\Unity\finding_home-unity_final\Library\PackageCache\com.unity.visualscripting@1.7.8\Editor\VisualScripting.Core\Dependencies\YamlDotNet\Unity.VisualScripting.YamlDotNet.dll
Symbol file LoadedFromMemory doesn't match image C:\Users\iscia\Documents\SS 22\Unity\finding_home-unity_final\Library\PackageCache\com.unity.visualscripting@1.7.8\Editor\VisualScripting.Core\Dependencies\DotNetZip\Unity.VisualScripting.IonicZip.dll
Native extension for WindowsStandalone target not found
Refreshing native plugins compatible for Editor in 2.12 ms, found 3 plugins.
Preloading 0 native plugins for Editor in 0.00 ms.
Mono: successfully reloaded assembly
- Completed reload, in  3.807 seconds
Domain Reload Profiling:
	ReloadAssembly (3809ms)
		BeginReloadAssembly (421ms)
			ExecutionOrderSort (0ms)
			DisableScriptedObjects (19ms)
			BackupInstance (0ms)
			ReleaseScriptingObjects (0ms)
			CreateAndSetChildDomain (95ms)
		EndReloadAssembly (2948ms)
			LoadAssemblies (373ms)
			RebuildTransferFunctionScriptingTraits (0ms)
			SetupTypeCache (1146ms)
			ReleaseScriptCaches (4ms)
			RebuildScriptCaches (137ms)
			SetupLoadedEditorAssemblies (1159ms)
				LogAssemblyErrors (0ms)
				InitializePlatformSupportModulesInManaged (45ms)
				SetLoadedEditorAssemblies (2ms)
				RefreshPlugins (2ms)
				BeforeProcessingInitializeOnLoad (292ms)
				ProcessInitializeOnLoadAttributes (696ms)
				ProcessInitializeOnLoadMethodAttributes (86ms)
				AfterProcessingInitializeOnLoad (36ms)
				EditorAssembliesLoaded (0ms)
			ExecutionOrderSort2 (0ms)
			AwakeInstancesAfterBackupRestoration (29ms)
Platform modules already initialized, skipping
Refreshing native plugins compatible for Editor in 6.87 ms, found 3 plugins.
Preloading 0 native plugins for Editor in 0.00 ms.
Unloading 3379 Unused Serialized files (Serialized files now loaded: 0)
Unloading 20 unused Assets / (81.5 KB). Loaded Objects now: 3931.
Memory consumption went from 142.9 MB to 142.9 MB.
Total: 12.309800 ms (FindLiveObjects: 0.498800 ms CreateObjectMapping: 0.359700 ms MarkObjects: 11.214100 ms  DeleteObjects: 0.234400 ms)

AssetImportParameters requested are different than current active one (requested -> active):
  custom:video-decoder-ogg-theora: a1e56fd34408186e4bbccfd4996cb3dc -> 
  custom:container-muxer-webm: aa71ff27fc2769a1b78a27578f13a17b -> 
  custom:container-demuxer-webm: 4f35f7cbe854078d1ac9338744f61a02 -> 
  custom:video-encoder-webm-vp8: eb34c28f22e8b96e1ab97ce403110664 -> 
  custom:audio-encoder-webm-vorbis: bf7c407c2cedff20999df2af8eb42d56 -> 
  custom:framework-win-MediaFoundation: 216162199b28c13a410421893ffa2e32 -> 
  custom:container-demuxer-ogg: 62fdf1f143b41e24485cea50d1cbac27 -> 
  custom:video-decoder-webm-vp8: 9c59270c3fd7afecdb556c50c9e8de78 -> 
  custom:audio-decoder-ogg-vorbis: bf7c407c2cedff20999df2af8eb42d56 -> 
========================================================================
Received Import Request.
  Time since last request: 191.207600 seconds.
  path: Assets/Scenes/2_Desert.unity
  artifactKey: Guid(682baaa213e027f43a86bb34968e201c) Importer(815301076,1909f56bfc062723c751e8b465ee728b)
Start importing Assets/Scenes/2_Desert.unity using Guid(682baaa213e027f43a86bb34968e201c) Importer(815301076,1909f56bfc062723c751e8b465ee728b)  -> (artifact id: '544e5b6ddd52abe7ceab9e420c18e583') in 0.038563 seconds 
========================================================================
Received Import Request.
  Time since last request: 71.920603 seconds.
  path: Assets/MagicpotionsFree/Materials
  artifactKey: Guid(07f7499a19edcaf4dbbe77a584bc26ab) Importer(815301076,1909f56bfc062723c751e8b465ee728b)
Start importing Assets/MagicpotionsFree/Materials using Guid(07f7499a19edcaf4dbbe77a584bc26ab) Importer(815301076,1909f56bfc062723c751e8b465ee728b)  -> (artifact id: '8e9afc6fcaff035bbac0554c85ffb4a4') in 0.035216 seconds 
========================================================================
Received Import Request.
  Time since last request: 0.000128 seconds.
  path: Assets/MagicpotionsFree/Materials/potionred03.mat
  artifactKey: Guid(4ddec298c2693a04dabccb50b935c34a) Importer(815301076,1909f56bfc062723c751e8b465ee728b)
Start importing Assets/MagicpotionsFree/Materials/potionred03.mat using Guid(4ddec298c2693a04dabccb50b935c34a) Importer(815301076,1909f56bfc062723c751e8b465ee728b)  -> (artifact id: '98c1cd404ecbe3962360539301e4bd47') in 0.385886 seconds 
========================================================================
Received Prepare
Registering precompiled user dll's ...
Registered in 0.058608 seconds.
Begin MonoManager ReloadAssembly
Symbol file LoadedFromMemory doesn't match image C:\Users\iscia\Documents\SS 22\Unity\finding_home-unity_final\Library\PackageCache\com.unity.visualscripting@1.7.8\Editor\VisualScripting.Core\Dependencies\YamlDotNet\Unity.VisualScripting.YamlDotNet.dll
Symbol file LoadedFromMemory doesn't match image C:\Users\iscia\Documents\SS 22\Unity\finding_home-unity_final\Library\PackageCache\com.unity.visualscripting@1.7.8\Editor\VisualScripting.Core\Dependencies\DotNetZip\Unity.VisualScripting.IonicZip.dll
Native extension for WindowsStandalone target not found
Refreshing native plugins compatible for Editor in 2.27 ms, found 3 plugins.
Preloading 0 native plugins for Editor in 0.00 ms.
Mono: successfully reloaded assembly
- Completed reload, in  5.082 seconds
Domain Reload Profiling:
	ReloadAssembly (5084ms)
		BeginReloadAssembly (374ms)
			ExecutionOrderSort (0ms)
			DisableScriptedObjects (13ms)
			BackupInstance (0ms)
			ReleaseScriptingObjects (0ms)
			CreateAndSetChildDomain (91ms)
		EndReloadAssembly (4268ms)
			LoadAssemblies (281ms)
			RebuildTransferFunctionScriptingTraits (0ms)
			SetupTypeCache (843ms)
			ReleaseScriptCaches (3ms)
			RebuildScriptCaches (118ms)
			SetupLoadedEditorAssemblies (2709ms)
				LogAssemblyErrors (0ms)
				InitializePlatformSupportModulesInManaged (64ms)
				SetLoadedEditorAssemblies (3ms)
				RefreshPlugins (2ms)
				BeforeProcessingInitializeOnLoad (457ms)
				ProcessInitializeOnLoadAttributes (1901ms)
				ProcessInitializeOnLoadMethodAttributes (196ms)
				AfterProcessingInitializeOnLoad (85ms)
				EditorAssembliesLoaded (1ms)
			ExecutionOrderSort2 (0ms)
			AwakeInstancesAfterBackupRestoration (71ms)
Platform modules already initialized, skipping
Refreshing native plugins compatible for Editor in 7.09 ms, found 3 plugins.
Preloading 0 native plugins for Editor in 0.00 ms.
Unloading 3379 Unused Serialized files (Serialized files now loaded: 0)
Unloading 20 unused Assets / (81.5 KB). Loaded Objects now: 3973.
Memory consumption went from 147.5 MB to 147.4 MB.
Total: 11.108600 ms (FindLiveObjects: 0.737000 ms CreateObjectMapping: 0.430600 ms MarkObjects: 9.725000 ms  DeleteObjects: 0.213300 ms)

AssetImportParameters requested are different than current active one (requested -> active):
  custom:video-decoder-ogg-theora: a1e56fd34408186e4bbccfd4996cb3dc -> 
  custom:container-muxer-webm: aa71ff27fc2769a1b78a27578f13a17b -> 
  custom:container-demuxer-webm: 4f35f7cbe854078d1ac9338744f61a02 -> 
  custom:video-encoder-webm-vp8: eb34c28f22e8b96e1ab97ce403110664 -> 
  custom:audio-encoder-webm-vorbis: bf7c407c2cedff20999df2af8eb42d56 -> 
  custom:framework-win-MediaFoundation: 216162199b28c13a410421893ffa2e32 -> 
  custom:container-demuxer-ogg: 62fdf1f143b41e24485cea50d1cbac27 -> 
  custom:video-decoder-webm-vp8: 9c59270c3fd7afecdb556c50c9e8de78 -> 
  custom:audio-decoder-ogg-vorbis: bf7c407c2cedff20999df2af8eb42d56 -> 
========================================================================
Received Import Request.
  Time since last request: 679.577153 seconds.
  path: Assets/_TerrainAutoUpgrade
  artifactKey: Guid(b5dd0730dbd339044984f5c3512291c3) Importer(815301076,1909f56bfc062723c751e8b465ee728b)
Start importing Assets/_TerrainAutoUpgrade using Guid(b5dd0730dbd339044984f5c3512291c3) Importer(815301076,1909f56bfc062723c751e8b465ee728b)  -> (artifact id: '73ae259948fb5c558e41b1895c7c47cd') in 0.033995 seconds 
========================================================================
Received Import Request.
  Time since last request: 9.679634 seconds.
  path: Assets/_Scenes
  artifactKey: Guid(6ea315d0fd7389c41b19996891e99ae3) Importer(815301076,1909f56bfc062723c751e8b465ee728b)
Start importing Assets/_Scenes using Guid(6ea315d0fd7389c41b19996891e99ae3) Importer(815301076,1909f56bfc062723c751e8b465ee728b)  -> (artifact id: 'e112017ff3266f5ab3280c1a56a2766a') in 0.037919 seconds 
========================================================================
Received Import Request.
  Time since last request: 3.432430 seconds.
  path: Assets/_Scenes/1_Welt.unity
  artifactKey: Guid(9fc0d4010bbf28b4594072e72b8655ab) Importer(815301076,1909f56bfc062723c751e8b465ee728b)
Start importing Assets/_Scenes/1_Welt.unity using Guid(9fc0d4010bbf28b4594072e72b8655ab) Importer(815301076,1909f56bfc062723c751e8b465ee728b)  -> (artifact id: '7bf8f8169c0824c601e7e6a90859351b') in 0.036036 seconds 
========================================================================
Received Import Request.
  Time since last request: 25.931798 seconds.
  path: Assets/_Scenes/2_Desert.unity
  artifactKey: Guid(682baaa213e027f43a86bb34968e201c) Importer(815301076,1909f56bfc062723c751e8b465ee728b)
Start importing Assets/_Scenes/2_Desert.unity using Guid(682baaa213e027f43a86bb34968e201c) Importer(815301076,1909f56bfc062723c751e8b465ee728b)  -> (artifact id: '415c488c0ee1df552319c1a1e001e39a') in 0.040539 seconds 
========================================================================
Received Import Request.
  Time since last request: 40.912543 seconds.
  path: Assets/Assets/Andtech
  artifactKey: Guid(82f63056ef8c23a489b739bed8b7e381) Importer(815301076,1909f56bfc062723c751e8b465ee728b)
Start importing Assets/Assets/Andtech using Guid(82f63056ef8c23a489b739bed8b7e381) Importer(815301076,1909f56bfc062723c751e8b465ee728b)  -> (artifact id: 'ae1bd29a167d58ac813fd402218e6aa6') in 0.035421 seconds 
========================================================================
Received Import Request.
  Time since last request: 1.343142 seconds.
  path: Assets/Assets/Andtech/Star Pack
  artifactKey: Guid(12fc407b738338c469b05079e4dcac10) Importer(815301076,1909f56bfc062723c751e8b465ee728b)
Start importing Assets/Assets/Andtech/Star Pack using Guid(12fc407b738338c469b05079e4dcac10) Importer(815301076,1909f56bfc062723c751e8b465ee728b)  -> (artifact id: 'cf5b0e2ff179beeed59f5e580b29cb1f') in 0.033700 seconds 
========================================================================
Received Import Request.
  Time since last request: 3.483351 seconds.
  path: Assets/Assets/Andtech/Star Pack/Runtime
  artifactKey: Guid(639da1dcc630a194aa46521fedbb9927) Importer(815301076,1909f56bfc062723c751e8b465ee728b)
Start importing Assets/Assets/Andtech/Star Pack/Runtime using Guid(639da1dcc630a194aa46521fedbb9927) Importer(815301076,1909f56bfc062723c751e8b465ee728b)  -> (artifact id: 'd20aec125eafd988b1a37fb393c060aa') in 0.039948 seconds 
========================================================================
Received Import Request.
  Time since last request: 1.887169 seconds.
  path: Assets/Assets/Andtech/Star Pack/Runtime/Shaders
  artifactKey: Guid(ad9ca34fde6337348a865bb2225498c5) Importer(815301076,1909f56bfc062723c751e8b465ee728b)
Start importing Assets/Assets/Andtech/Star Pack/Runtime/Shaders using Guid(ad9ca34fde6337348a865bb2225498c5) Importer(815301076,1909f56bfc062723c751e8b465ee728b)  -> (artifact id: '500a65987db50910339beacf86682fde') in 0.038817 seconds 
========================================================================
Received Import Request.
  Time since last request: 5.328777 seconds.
  path: Assets/Assets/Andtech/Star Pack/Samples
  artifactKey: Guid(65108483d2473af459a20661a59617be) Importer(815301076,1909f56bfc062723c751e8b465ee728b)
Start importing Assets/Assets/Andtech/Star Pack/Samples using Guid(65108483d2473af459a20661a59617be) Importer(815301076,1909f56bfc062723c751e8b465ee728b)  -> (artifact id: 'b3ec624df7ce05c92fe9d95f6e0c7d69') in 0.040325 seconds 
========================================================================
Received Import Request.
  Time since last request: 3.759438 seconds.
  path: Assets/Assets/Andtech/Star Pack/Samples/Star Pack Demo
  artifactKey: Guid(67330f5f0763ac749892ce70e3a02231) Importer(815301076,1909f56bfc062723c751e8b465ee728b)
Start importing Assets/Assets/Andtech/Star Pack/Samples/Star Pack Demo using Guid(67330f5f0763ac749892ce70e3a02231) Importer(815301076,1909f56bfc062723c751e8b465ee728b)  -> (artifact id: '5e15ba9170382c5bfe287640d94496b0') in 0.057196 seconds 
========================================================================
Received Import Request.
  Time since last request: 1.524180 seconds.
  path: Assets/Assets/Andtech/Star Pack/Samples/Star Pack Demo/Prefabs
  artifactKey: Guid(5ec5b183529037046a80dd7e60adef37) Importer(815301076,1909f56bfc062723c751e8b465ee728b)
Start importing Assets/Assets/Andtech/Star Pack/Samples/Star Pack Demo/Prefabs using Guid(5ec5b183529037046a80dd7e60adef37) Importer(815301076,1909f56bfc062723c751e8b465ee728b)  -> (artifact id: '8fff8a32286aa693b6f555ae58355759') in 0.050332 seconds 
========================================================================
Received Import Request.
  Time since last request: 0.000067 seconds.
  path: Assets/Assets/Andtech/Star Pack/Samples/Star Pack Demo/Prefabs/Rainbow.prefab
  artifactKey: Guid(5d8258c0b29b78a428be76c2d2102992) Importer(815301076,1909f56bfc062723c751e8b465ee728b)
Start importing Assets/Assets/Andtech/Star Pack/Samples/Star Pack Demo/Prefabs/Rainbow.prefab using Guid(5d8258c0b29b78a428be76c2d2102992) Importer(815301076,1909f56bfc062723c751e8b465ee728b)  -> (artifact id: 'b8895aac9617430cd76f5f2268592349') in 0.471968 seconds 
========================================================================
Received Import Request.
  Time since last request: 0.000066 seconds.
  path: Assets/Assets/Andtech/Star Pack/Samples/Star Pack Demo/Prefabs/Spherical.prefab
  artifactKey: Guid(16966713336d54d4a96c67725c97301c) Importer(815301076,1909f56bfc062723c751e8b465ee728b)
Start importing Assets/Assets/Andtech/Star Pack/Samples/Star Pack Demo/Prefabs/Spherical.prefab using Guid(16966713336d54d4a96c67725c97301c) Importer(815301076,1909f56bfc062723c751e8b465ee728b)  -> (artifact id: '05cb16aa84932374b4a9fe6180f79ef3') in 0.099871 seconds 
========================================================================
Received Import Request.
  Time since last request: 0.000289 seconds.
  path: Assets/Assets/Andtech/Star Pack/Samples/Star Pack Demo/Prefabs/Flame.prefab
  artifactKey: Guid(b6763604ad5c78246b36eccaf41736e7) Importer(815301076,1909f56bfc062723c751e8b465ee728b)
Start importing Assets/Assets/Andtech/Star Pack/Samples/Star Pack Demo/Prefabs/Flame.prefab using Guid(b6763604ad5c78246b36eccaf41736e7) Importer(815301076,1909f56bfc062723c751e8b465ee728b)  -> (artifact id: 'b0c5bad7a2198e52295364ee55607747') in 0.098361 seconds 
========================================================================
Received Import Request.
  Time since last request: 12.524588 seconds.
  path: Assets/Assets/Andtech/Star Pack/Samples/Star Pack Demo/Models
  artifactKey: Guid(6e04ac84741b0224a98dd156c86a4c85) Importer(815301076,1909f56bfc062723c751e8b465ee728b)
Start importing Assets/Assets/Andtech/Star Pack/Samples/Star Pack Demo/Models using Guid(6e04ac84741b0224a98dd156c86a4c85) Importer(815301076,1909f56bfc062723c751e8b465ee728b)  -> (artifact id: '36c97fc20c90bae4273035f1b1821041') in 0.032290 seconds 
========================================================================
Received Import Request.
  Time since last request: 0.004476 seconds.
  path: Assets/Assets/Andtech/Star Pack/Samples/Star Pack Demo/Models/Diamond.fbx
  artifactKey: Guid(8fb88c5bbb9a651438bc29723183e17f) Importer(815301076,1909f56bfc062723c751e8b465ee728b)
Start importing Assets/Assets/Andtech/Star Pack/Samples/Star Pack Demo/Models/Diamond.fbx using Guid(8fb88c5bbb9a651438bc29723183e17f) Importer(815301076,1909f56bfc062723c751e8b465ee728b)  -> (artifact id: '1d2a1a25c3a099781a28fda63a8bae34') in 0.281502 seconds 
========================================================================
Received Import Request.
  Time since last request: 0.000058 seconds.
  path: Assets/Assets/Andtech/Star Pack/Samples/Star Pack Demo/Models/Shield.fbx
  artifactKey: Guid(b78515dab91d4704e894058377e7bcc4) Importer(815301076,1909f56bfc062723c751e8b465ee728b)
Start importing Assets/Assets/Andtech/Star Pack/Samples/Star Pack Demo/Models/Shield.fbx using Guid(b78515dab91d4704e894058377e7bcc4) Importer(815301076,1909f56bfc062723c751e8b465ee728b)  -> (artifact id: '1305a32f8c72a72a08e68b8f06ba12a0') in 0.076095 seconds 
========================================================================
Received Import Request.
  Time since last request: 4.408824 seconds.
  path: Assets/Assets/Andtech/Star Pack/Samples/Star Pack Demo/Scripts
  artifactKey: Guid(99cbb9a35bf940549bef3ccae8629dfa) Importer(815301076,1909f56bfc062723c751e8b465ee728b)
Start importing Assets/Assets/Andtech/Star Pack/Samples/Star Pack Demo/Scripts using Guid(99cbb9a35bf940549bef3ccae8629dfa) Importer(815301076,1909f56bfc062723c751e8b465ee728b)  -> (artifact id: '203a1b797f72d9481b20d42385013e56') in 0.029950 seconds 
========================================================================
Received Import Request.
  Time since last request: 4.480576 seconds.
  path: Assets/Assets/Andtech/Star Pack/Samples/Star Pack Demo/Scenes
  artifactKey: Guid(1e1142cb91bb70a41a16c212ed3c85ba) Importer(815301076,1909f56bfc062723c751e8b465ee728b)
Start importing Assets/Assets/Andtech/Star Pack/Samples/Star Pack Demo/Scenes using Guid(1e1142cb91bb70a41a16c212ed3c85ba) Importer(815301076,1909f56bfc062723c751e8b465ee728b)  -> (artifact id: '6c6a8a06a106a69ee0302bf3d7ff4233') in 0.022149 seconds 
========================================================================
Received Import Request.
  Time since last request: 1.812074 seconds.
  path: Assets/Assets/Andtech/Star Pack/Samples/Star Pack Demo/Scenes/Star Pack Demo
  artifactKey: Guid(5b10d56013c6dbe4db0dda280af042f9) Importer(815301076,1909f56bfc062723c751e8b465ee728b)
Start importing Assets/Assets/Andtech/Star Pack/Samples/Star Pack Demo/Scenes/Star Pack Demo using Guid(5b10d56013c6dbe4db0dda280af042f9) Importer(815301076,1909f56bfc062723c751e8b465ee728b)  -> (artifact id: 'f154f0254c68475bf23d1194142bd296') in 0.015833 seconds 
========================================================================
Received Import Request.
  Time since last request: 0.010056 seconds.
  path: Assets/Assets/Andtech/Star Pack/Samples/Star Pack Demo/Scenes/Star Pack Demo/LightingData.asset
  artifactKey: Guid(d2cc2531078cd65428a9658f5d706f72) Importer(815301076,1909f56bfc062723c751e8b465ee728b)
Start importing Assets/Assets/Andtech/Star Pack/Samples/Star Pack Demo/Scenes/Star Pack Demo/LightingData.asset using Guid(d2cc2531078cd65428a9658f5d706f72) Importer(815301076,1909f56bfc062723c751e8b465ee728b)  -> (artifact id: '79edcf87d65f48c2293c2c38b4dd9706') in 0.054770 seconds 
========================================================================
Received Import Request.
  Time since last request: 0.000147 seconds.
  path: Assets/Assets/Andtech/Star Pack/Samples/Star Pack Demo/Scenes/Star Pack Demo/ReflectionProbe-0.exr
  artifactKey: Guid(e38ed111c73acd5489c200405cd4cee2) Importer(815301076,1909f56bfc062723c751e8b465ee728b)
Start importing Assets/Assets/Andtech/Star Pack/Samples/Star Pack Demo/Scenes/Star Pack Demo/ReflectionProbe-0.exr using Guid(e38ed111c73acd5489c200405cd4cee2) Importer(815301076,1909f56bfc062723c751e8b465ee728b)  -> (artifact id: '9aa5e01278aa5772dac58d9fb5cb3595') in 0.107652 seconds 
========================================================================
Received Import Request.
  Time since last request: 0.000071 seconds.
  path: Assets/Assets/Andtech/Star Pack/Samples/Star Pack Demo/Scenes/Star Pack Demo/Lightmap-0_comp_light.exr
  artifactKey: Guid(7666f7e25ef807a4d88506c78e5665dc) Importer(815301076,1909f56bfc062723c751e8b465ee728b)
Start importing Assets/Assets/Andtech/Star Pack/Samples/Star Pack Demo/Scenes/Star Pack Demo/Lightmap-0_comp_light.exr using Guid(7666f7e25ef807a4d88506c78e5665dc) Importer(815301076,1909f56bfc062723c751e8b465ee728b)  -> (artifact id: '8d8f05dcfc49dcea9a0ff31317a6f591') in 0.095300 seconds 
========================================================================
Received Import Request.
  Time since last request: 2.194891 seconds.
  path: Assets/Assets/Andtech/Star Pack/Samples/Star Pack Demo/Scenes/Star Pack Demo/Materials
  artifactKey: Guid(41d31fc78e837cd45b2684b8df5870a3) Importer(815301076,1909f56bfc062723c751e8b465ee728b)
Start importing Assets/Assets/Andtech/Star Pack/Samples/Star Pack Demo/Scenes/Star Pack Demo/Materials using Guid(41d31fc78e837cd45b2684b8df5870a3) Importer(815301076,1909f56bfc062723c751e8b465ee728b)  -> (artifact id: '02911aecc770f72785dd3c0adb294f5e') in 0.033327 seconds 
========================================================================
Received Import Request.
  Time since last request: 0.007559 seconds.
  path: Assets/Assets/Andtech/Star Pack/Samples/Star Pack Demo/Scenes/Star Pack Demo/Materials/Lightmap-0_comp_dir.mat
  artifactKey: Guid(04d5b35643fadd94cbbc575f900231cc) Importer(815301076,1909f56bfc062723c751e8b465ee728b)
Start importing Assets/Assets/Andtech/Star Pack/Samples/Star Pack Demo/Scenes/Star Pack Demo/Materials/Lightmap-0_comp_dir.mat using Guid(04d5b35643fadd94cbbc575f900231cc) Importer(815301076,1909f56bfc062723c751e8b465ee728b)  -> (artifact id: '135930c8117b07b261fac802b93f54b3') in 0.084825 seconds 
========================================================================
Received Import Request.
  Time since last request: 39.378930 seconds.
  path: Assets/Assets/Andtech/Star Pack/Runtime/Materials/Sparkle.mat
  artifactKey: Guid(80a46f8de30908a4bbfbdf1b34afd0e7) Importer(815301076,1909f56bfc062723c751e8b465ee728b)
Start importing Assets/Assets/Andtech/Star Pack/Runtime/Materials/Sparkle.mat using Guid(80a46f8de30908a4bbfbdf1b34afd0e7) Importer(815301076,1909f56bfc062723c751e8b465ee728b)  -> (artifact id: 'cca32b4959426d7c77392880bb5a3f00') in 0.390822 seconds 
========================================================================
Received Import Request.
  Time since last request: 228.241779 seconds.
  path: Assets/Assets/Andtech/Star Pack/Runtime/Textures/heart.png
  artifactKey: Guid(8c12c2701b839724999e10a9c01147d9) Importer(815301076,1909f56bfc062723c751e8b465ee728b)
Start importing Assets/Assets/Andtech/Star Pack/Runtime/Textures/heart.png using Guid(8c12c2701b839724999e10a9c01147d9) Importer(815301076,1909f56bfc062723c751e8b465ee728b)  -> (artifact id: '8958be98815e78f06604a6e2e3aad8a9') in 0.121157 seconds 
========================================================================
Received Import Request.
  Time since last request: 0.000072 seconds.
  path: Assets/Assets/Andtech/Star Pack/Runtime/Textures/thin.png
  artifactKey: Guid(efd4cab53b940fe4294df648deb461d9) Importer(815301076,1909f56bfc062723c751e8b465ee728b)
Start importing Assets/Assets/Andtech/Star Pack/Runtime/Textures/thin.png using Guid(efd4cab53b940fe4294df648deb461d9) Importer(815301076,1909f56bfc062723c751e8b465ee728b)  -> (artifact id: '2d5c8ca4d3011ea87813450da4ff8075') in 0.071697 seconds 
========================================================================
Received Import Request.
  Time since last request: 0.000067 seconds.
  path: Assets/Assets/Andtech/Star Pack/Runtime/Textures/star.png
  artifactKey: Guid(0d7f9f428c764d040a8578835ee6a40a) Importer(815301076,1909f56bfc062723c751e8b465ee728b)
Start importing Assets/Assets/Andtech/Star Pack/Runtime/Textures/star.png using Guid(0d7f9f428c764d040a8578835ee6a40a) Importer(815301076,1909f56bfc062723c751e8b465ee728b)  -> (artifact id: 'c4eea150a9e09385fa02c30e90cda7f1') in 0.127115 seconds 
========================================================================
Received Import Request.
  Time since last request: 105.869650 seconds.
  path: Assets/Prefab/Spherical Variant.prefab
  artifactKey: Guid(af04d4ddfa6ba9046ab920cfec10c252) Importer(815301076,1909f56bfc062723c751e8b465ee728b)
Start importing Assets/Prefab/Spherical Variant.prefab using Guid(af04d4ddfa6ba9046ab920cfec10c252) Importer(815301076,1909f56bfc062723c751e8b465ee728b)  -> (artifact id: '825dc95ba04eae3936a9dfe493a06ddf') in 0.090339 seconds 
